<?xml version="1.0" ?>
<testsuites disabled="0" errors="0" failures="80" tests="235" time="0.0">
	<testsuite disabled="0" errors="0" failures="80" name="terraform scan" skipped="0" tests="235" time="0">
		<properties>
			<property name="directory" value="['/app']"/>
			<property name="add_check" value="False"/>
			<property name="list" value="False"/>
			<property name="output" value="['junitxml']"/>
			<property name="output_file_path" value="results.xml"/>
			<property name="output_bc_ids" value="False"/>
			<property name="include_all_checkov_policies" value="True"/>
			<property name="quiet" value="False"/>
			<property name="compact" value="False"/>
			<property name="framework" value="['all']"/>
			<property name="skip_framework" value="[]"/>
			<property name="run_all_external_checks" value="False"/>
			<property name="soft_fail" value="False"/>
			<property name="skip_results_upload" value="False"/>
			<property name="repo_id" value="cli_repo/app"/>
			<property name="branch" value="master"/>
			<property name="skip_download" value="False"/>
			<property name="use_enforcement_rules" value="False"/>
			<property name="external_modules_download_path" value=".external_modules"/>
			<property name="evaluate_variables" value="True"/>
			<property name="no_cert_verify" value="False"/>
			<property name="create_baseline" value="False"/>
			<property name="output_baseline_as_skipped" value="False"/>
			<property name="secrets_scan_file_type" value="[]"/>
			<property name="enable_secret_scan_all_files" value="False"/>
			<property name="block_list_secret_scan" value="[]"/>
			<property name="summary_position" value="top"/>
			<property name="skip_resources_without_violations" value="False"/>
			<property name="deep_analysis" value="False"/>
			<property name="no_fail_on_crash" value="False"/>
			<property name="mask" value="defaultdict(&lt;class 'set'&gt;, {})"/>
			<property name="scan_secrets_history" value="False"/>
			<property name="secrets_history_timeout" value="12h"/>
			<property name="custom_tool_name" value="Checkov"/>
		</properties>
		<testcase name="[NONE][CKV_AWS_309] Ensure API GatewayV2 routes specify an authorization type" classname="/apiGateway.tf.aws_apigatewayv2_route.register_order_route" file="/apiGateway.tf"/>
		<testcase name="[NONE][CKV_AWS_309] Ensure API GatewayV2 routes specify an authorization type" classname="/apiGateway.tf.aws_apigatewayv2_route.process_order_route" file="/apiGateway.tf"/>
		<testcase name="[NONE][CKV_AWS_309] Ensure API GatewayV2 routes specify an authorization type" classname="/apiGateway.tf.aws_apigatewayv2_route.analyze_preferences_route" file="/apiGateway.tf"/>
		<testcase name="[NONE][CKV_AWS_309] Ensure API GatewayV2 routes specify an authorization type" classname="/apiGateway.tf.aws_apigatewayv2_route.generate_report_route" file="/apiGateway.tf"/>
		<testcase name="[NONE][CKV_AWS_309] Ensure API GatewayV2 routes specify an authorization type" classname="/apiGateway.tf.aws_apigatewayv2_route.send_email_report_route" file="/apiGateway.tf"/>
		<testcase name="[NONE][CKV_AWS_76] Ensure API Gateway has Access Logging enabled" classname="/apiGateway.tf.aws_apigatewayv2_stage.reyGasExpress_stage" file="/apiGateway.tf"/>
		<testcase name="[NONE][CKV_AWS_301] Ensure that AWS Lambda function is not publicly accessible" classname="/apiGateway.tf.aws_lambda_permission.allow_apigateway_invoke_register_order_lambda" file="/apiGateway.tf"/>
		<testcase name="[NONE][CKV_AWS_364] Ensure that AWS Lambda function permissions delegated to AWS services are limited by SourceArn or SourceAccount" classname="/apiGateway.tf.aws_lambda_permission.allow_apigateway_invoke_register_order_lambda" file="/apiGateway.tf"/>
		<testcase name="[NONE][CKV_AWS_301] Ensure that AWS Lambda function is not publicly accessible" classname="/apiGateway.tf.aws_lambda_permission.allow_apigateway_invoke_process_order_lambda" file="/apiGateway.tf"/>
		<testcase name="[NONE][CKV_AWS_364] Ensure that AWS Lambda function permissions delegated to AWS services are limited by SourceArn or SourceAccount" classname="/apiGateway.tf.aws_lambda_permission.allow_apigateway_invoke_process_order_lambda" file="/apiGateway.tf"/>
		<testcase name="[NONE][CKV_AWS_301] Ensure that AWS Lambda function is not publicly accessible" classname="/apiGateway.tf.aws_lambda_permission.allow_apigateway_invoke_analyze_preferences_lambda" file="/apiGateway.tf"/>
		<testcase name="[NONE][CKV_AWS_364] Ensure that AWS Lambda function permissions delegated to AWS services are limited by SourceArn or SourceAccount" classname="/apiGateway.tf.aws_lambda_permission.allow_apigateway_invoke_analyze_preferences_lambda" file="/apiGateway.tf"/>
		<testcase name="[NONE][CKV_AWS_301] Ensure that AWS Lambda function is not publicly accessible" classname="/apiGateway.tf.aws_lambda_permission.allow_apigateway_invoke_generate_report_lambda" file="/apiGateway.tf"/>
		<testcase name="[NONE][CKV_AWS_364] Ensure that AWS Lambda function permissions delegated to AWS services are limited by SourceArn or SourceAccount" classname="/apiGateway.tf.aws_lambda_permission.allow_apigateway_invoke_generate_report_lambda" file="/apiGateway.tf"/>
		<testcase name="[NONE][CKV_AWS_301] Ensure that AWS Lambda function is not publicly accessible" classname="/apiGateway.tf.aws_lambda_permission.allow_apigateway_invoke_send_email_report_lambda" file="/apiGateway.tf"/>
		<testcase name="[NONE][CKV_AWS_364] Ensure that AWS Lambda function permissions delegated to AWS services are limited by SourceArn or SourceAccount" classname="/apiGateway.tf.aws_lambda_permission.allow_apigateway_invoke_send_email_report_lambda" file="/apiGateway.tf"/>
		<testcase name="[NONE][CKV_AWS_33] Ensure KMS key policy does not contain wildcard (*) principal" classname="/apiGateway.tf.aws_kms_key.cloudwatch_logs_encryption" file="/apiGateway.tf"/>
		<testcase name="[NONE][CKV_AWS_227] Ensure KMS key is enabled" classname="/apiGateway.tf.aws_kms_key.cloudwatch_logs_encryption" file="/apiGateway.tf"/>
		<testcase name="[NONE][CKV_AWS_7] Ensure rotation for customer created CMKs is enabled" classname="/apiGateway.tf.aws_kms_key.cloudwatch_logs_encryption" file="/apiGateway.tf"/>
		<testcase name="[NONE][CKV_AWS_158] Ensure that CloudWatch Log Group is encrypted by KMS" classname="/apiGateway.tf.aws_cloudwatch_log_group.api_gateway_log_group" file="/apiGateway.tf"/>
		<testcase name="[NONE][CKV_AWS_338] Ensure CloudWatch log groups retains logs for at least 1 year" classname="/apiGateway.tf.aws_cloudwatch_log_group.api_gateway_log_group" file="/apiGateway.tf"/>
		<testcase name="[NONE][CKV_AWS_66] Ensure that CloudWatch Log Group specifies retention days" classname="/apiGateway.tf.aws_cloudwatch_log_group.api_gateway_log_group" file="/apiGateway.tf"/>
		<testcase name="[NONE][CKV_AWS_45] Ensure no hard-coded secrets exist in lambda environment" classname="/cloudFront.tf.aws_lambda_function.load_balancer_lambda" file="/cloudFront.tf"/>
		<testcase name="[NONE][CKV_AWS_363] Ensure Lambda Runtime is not deprecated" classname="/cloudFront.tf.aws_lambda_function.load_balancer_lambda" file="/cloudFront.tf"/>
		<testcase name="[NONE][CKV_AWS_305] Ensure CloudFront distribution has a default root object configured" classname="/cloudFront.tf.aws_cloudfront_distribution.reygas_distribution" file="/cloudFront.tf"/>
		<testcase name="[NONE][CKV_AWS_216] Ensure CloudFront distribution is enabled" classname="/cloudFront.tf.aws_cloudfront_distribution.reygas_distribution" file="/cloudFront.tf"/>
		<testcase name="[NONE][CKV_AWS_34] Ensure CloudFront distribution ViewerProtocolPolicy is set to HTTPS" classname="/cloudFront.tf.aws_cloudfront_distribution.reygas_distribution" file="/cloudFront.tf"/>
		<testcase name="[NONE][CKV_AWS_374] Ensure AWS CloudFront web distribution has geo restriction enabled" classname="/cloudFront.tf.aws_cloudfront_distribution.reygas_distribution" file="/cloudFront.tf"/>
		<testcase name="[NONE][CKV_AWS_68] CloudFront Distribution should have WAF enabled" classname="/cloudFront.tf.aws_cloudfront_distribution.reygas_distribution" file="/cloudFront.tf"/>
		<testcase name="[NONE][CKV_AWS_310] Ensure CloudFront distributions should have origin failover configured" classname="/cloudFront.tf.aws_cloudfront_distribution.reygas_distribution" file="/cloudFront.tf"/>
		<testcase name="[NONE][CKV_AWS_70] Ensure S3 bucket does not allow an action with any Principal" classname="/cloudFront.tf.aws_s3_bucket_policy.reygas_bucket_policy" file="/cloudFront.tf"/>
		<testcase name="[NONE][CKV_AWS_93] Ensure S3 bucket policy does not lockout all but root user. (Prevent lockouts needing root account fixes)" classname="/cloudFront.tf.aws_s3_bucket_policy.reygas_bucket_policy" file="/cloudFront.tf"/>
		<testcase name="[NONE][CKV_AWS_301] Ensure that AWS Lambda function is not publicly accessible" classname="/eventBridge.tf.aws_lambda_permission.allow_eventbridge_invoke_analyze_preferences_lambda" file="/eventBridge.tf"/>
		<testcase name="[NONE][CKV_AWS_364] Ensure that AWS Lambda function permissions delegated to AWS services are limited by SourceArn or SourceAccount" classname="/eventBridge.tf.aws_lambda_permission.allow_eventbridge_invoke_analyze_preferences_lambda" file="/eventBridge.tf"/>
		<testcase name="[NONE][CKV_AWS_60] Ensure IAM role allows only specific services or principals to assume it" classname="/iam.tf.aws_iam_role.lambda_execution_role" file="/iam.tf"/>
		<testcase name="[NONE][CKV_AWS_274] Disallow IAM roles, users, and groups from using the AWS AdministratorAccess policy" classname="/iam.tf.aws_iam_role.lambda_execution_role" file="/iam.tf"/>
		<testcase name="[NONE][CKV_AWS_61] Ensure AWS IAM policy does not allow assume role permission across all services" classname="/iam.tf.aws_iam_role.lambda_execution_role" file="/iam.tf"/>
		<testcase name="[NONE][CKV_AWS_286] Ensure IAM policies does not allow privilege escalation" classname="/iam.tf.aws_iam_policy.lambda_all_permissions_policy" file="/iam.tf"/>
		<testcase name="[NONE][CKV_AWS_289] Ensure IAM policies does not allow permissions management / resource exposure without constraints" classname="/iam.tf.aws_iam_policy.lambda_all_permissions_policy" file="/iam.tf"/>
		<testcase name="[NONE][CKV_AWS_287] Ensure IAM policies does not allow credentials exposure" classname="/iam.tf.aws_iam_policy.lambda_all_permissions_policy" file="/iam.tf"/>
		<testcase name="[NONE][CKV_AWS_63] Ensure no IAM policies documents allow &quot;*&quot; as a statement's actions" classname="/iam.tf.aws_iam_policy.lambda_all_permissions_policy" file="/iam.tf"/>
		<testcase name="[NONE][CKV_AWS_288] Ensure IAM policies does not allow data exfiltration" classname="/iam.tf.aws_iam_policy.lambda_all_permissions_policy" file="/iam.tf"/>
		<testcase name="[NONE][CKV_AWS_62] Ensure IAM policies that allow full &quot;*-*&quot; administrative privileges are not created" classname="/iam.tf.aws_iam_policy.lambda_all_permissions_policy" file="/iam.tf"/>
		<testcase name="[NONE][CKV_AWS_274] Disallow IAM roles, users, and groups from using the AWS AdministratorAccess policy" classname="/iam.tf.aws_iam_role_policy_attachment.lambda_all_permissions_attachment" file="/iam.tf"/>
		<testcase name="[NONE][CKV_AWS_274] Disallow IAM roles, users, and groups from using the AWS AdministratorAccess policy" classname="/iam.tf.aws_iam_role_policy_attachment.lambda_vpc_access" file="/iam.tf"/>
		<testcase name="[NONE][CKV_AWS_60] Ensure IAM role allows only specific services or principals to assume it" classname="/iam.tf.aws_iam_role.cloudfront_s3_access_role" file="/iam.tf"/>
		<testcase name="[NONE][CKV_AWS_274] Disallow IAM roles, users, and groups from using the AWS AdministratorAccess policy" classname="/iam.tf.aws_iam_role.cloudfront_s3_access_role" file="/iam.tf"/>
		<testcase name="[NONE][CKV_AWS_61] Ensure AWS IAM policy does not allow assume role permission across all services" classname="/iam.tf.aws_iam_role.cloudfront_s3_access_role" file="/iam.tf"/>
		<testcase name="[NONE][CKV_AWS_63] Ensure no IAM policies documents allow &quot;*&quot; as a statement's actions" classname="/iam.tf.aws_iam_role_policy.cloudfront_s3_read_policy" file="/iam.tf"/>
		<testcase name="[NONE][CKV_AWS_62] Ensure IAM policies that allow full &quot;*-*&quot; administrative privileges are not created" classname="/iam.tf.aws_iam_role_policy.cloudfront_s3_read_policy" file="/iam.tf"/>
		<testcase name="[NONE][CKV_AWS_45] Ensure no hard-coded secrets exist in lambda environment" classname="/lambdas.tf.aws_lambda_function.register_order_lambda" file="/lambdas.tf"/>
		<testcase name="[NONE][CKV_AWS_363] Ensure Lambda Runtime is not deprecated" classname="/lambdas.tf.aws_lambda_function.register_order_lambda" file="/lambdas.tf"/>
		<testcase name="[NONE][CKV_AWS_50] X-Ray tracing is enabled for Lambda" classname="/lambdas.tf.aws_lambda_function.register_order_lambda" file="/lambdas.tf"/>
		<testcase name="[NONE][CKV_AWS_45] Ensure no hard-coded secrets exist in lambda environment" classname="/lambdas.tf.aws_lambda_function.process_order_lambda" file="/lambdas.tf"/>
		<testcase name="[NONE][CKV_AWS_363] Ensure Lambda Runtime is not deprecated" classname="/lambdas.tf.aws_lambda_function.process_order_lambda" file="/lambdas.tf"/>
		<testcase name="[NONE][CKV_AWS_117] Ensure that AWS Lambda function is configured inside a VPC" classname="/lambdas.tf.aws_lambda_function.process_order_lambda" file="/lambdas.tf"/>
		<testcase name="[NONE][CKV_AWS_50] X-Ray tracing is enabled for Lambda" classname="/lambdas.tf.aws_lambda_function.process_order_lambda" file="/lambdas.tf"/>
		<testcase name="[NONE][CKV_AWS_45] Ensure no hard-coded secrets exist in lambda environment" classname="/lambdas.tf.aws_lambda_function.analyze_preferences_lambda" file="/lambdas.tf"/>
		<testcase name="[NONE][CKV_AWS_363] Ensure Lambda Runtime is not deprecated" classname="/lambdas.tf.aws_lambda_function.analyze_preferences_lambda" file="/lambdas.tf"/>
		<testcase name="[NONE][CKV_AWS_117] Ensure that AWS Lambda function is configured inside a VPC" classname="/lambdas.tf.aws_lambda_function.analyze_preferences_lambda" file="/lambdas.tf"/>
		<testcase name="[NONE][CKV_AWS_50] X-Ray tracing is enabled for Lambda" classname="/lambdas.tf.aws_lambda_function.analyze_preferences_lambda" file="/lambdas.tf"/>
		<testcase name="[NONE][CKV_AWS_45] Ensure no hard-coded secrets exist in lambda environment" classname="/lambdas.tf.aws_lambda_function.generate_report_lambda" file="/lambdas.tf"/>
		<testcase name="[NONE][CKV_AWS_363] Ensure Lambda Runtime is not deprecated" classname="/lambdas.tf.aws_lambda_function.generate_report_lambda" file="/lambdas.tf"/>
		<testcase name="[NONE][CKV_AWS_50] X-Ray tracing is enabled for Lambda" classname="/lambdas.tf.aws_lambda_function.generate_report_lambda" file="/lambdas.tf"/>
		<testcase name="[NONE][CKV_AWS_45] Ensure no hard-coded secrets exist in lambda environment" classname="/lambdas.tf.aws_lambda_function.send_email_report_lambda" file="/lambdas.tf"/>
		<testcase name="[NONE][CKV_AWS_363] Ensure Lambda Runtime is not deprecated" classname="/lambdas.tf.aws_lambda_function.send_email_report_lambda" file="/lambdas.tf"/>
		<testcase name="[NONE][CKV_AWS_50] X-Ray tracing is enabled for Lambda" classname="/lambdas.tf.aws_lambda_function.send_email_report_lambda" file="/lambdas.tf"/>
		<testcase name="[NONE][CKV_AWS_301] Ensure that AWS Lambda function is not publicly accessible" classname="/lambdas.tf.aws_lambda_permission.allow_sns_invoke_send_email_report_lambda" file="/lambdas.tf"/>
		<testcase name="[NONE][CKV_AWS_364] Ensure that AWS Lambda function permissions delegated to AWS services are limited by SourceArn or SourceAccount" classname="/lambdas.tf.aws_lambda_permission.allow_sns_invoke_send_email_report_lambda" file="/lambdas.tf"/>
		<testcase name="[NONE][CKV_AWS_41] Ensure no hard coded AWS access key and secret key exists in provider" classname="/main.tf.aws.default" file="/main.tf"/>
		<testcase name="[NONE][CKV_AWS_41] Ensure no hard coded AWS access key and secret key exists in provider" classname="/main.tf.aws.us_east_1" file="/main.tf"/>
		<testcase name="[NONE][CKV_AWS_353] Ensure that RDS instances have performance insights enabled" classname="/rds.tf.aws_db_instance.reygas_postgres_db" file="/rds.tf"/>
		<testcase name="[NONE][CKV_AWS_211] Ensure RDS uses a modern CaCert" classname="/rds.tf.aws_db_instance.reygas_postgres_db" file="/rds.tf"/>
		<testcase name="[NONE][CKV_AWS_250] Ensure that RDS PostgreSQL instances use a non vulnerable version with the log_fdw extension (https://aws.amazon.com/security/security-bulletins/AWS-2022-004/)" classname="/rds.tf.aws_db_instance.reygas_postgres_db" file="/rds.tf"/>
		<testcase name="[NONE][CKV_AWS_133] Ensure that RDS instances has backup policy" classname="/rds.tf.aws_db_instance.reygas_postgres_db" file="/rds.tf"/>
		<testcase name="[NONE][CKV_AWS_388] Ensure AWS Aurora PostgreSQL is not exposed to local file read vulnerability" classname="/rds.tf.aws_db_instance.reygas_postgres_db" file="/rds.tf"/>
		<testcase name="[NONE][CKV_AWS_17] Ensure all data stored in RDS is not publicly accessible" classname="/rds.tf.aws_db_instance.reygas_postgres_db" file="/rds.tf"/>
		<testcase name="[NONE][CKV_AWS_93] Ensure S3 bucket policy does not lockout all but root user. (Prevent lockouts needing root account fixes)" classname="/s3.tf.aws_s3_bucket.reygas_frontend_bucket" file="/s3.tf"/>
		<testcase name="[NONE][CKV_AWS_56] Ensure S3 bucket has 'restrict_public_buckets' enabled" classname="/s3.tf.aws_s3_bucket_public_access_block.reygas_frontend_pab" file="/s3.tf"/>
		<testcase name="[NONE][CKV_AWS_55] Ensure S3 bucket has ignore public ACLs enabled" classname="/s3.tf.aws_s3_bucket_public_access_block.reygas_frontend_pab" file="/s3.tf"/>
		<testcase name="[NONE][CKV_AWS_54] Ensure S3 bucket has block public policy enabled" classname="/s3.tf.aws_s3_bucket_public_access_block.reygas_frontend_pab" file="/s3.tf"/>
		<testcase name="[NONE][CKV_AWS_53] Ensure S3 bucket has block public ACLS enabled" classname="/s3.tf.aws_s3_bucket_public_access_block.reygas_frontend_pab" file="/s3.tf"/>
		<testcase name="[NONE][CKV_AWS_93] Ensure S3 bucket policy does not lockout all but root user. (Prevent lockouts needing root account fixes)" classname="/s3.tf.aws_s3_bucket.reyGasExpress_analysis_bucket" file="/s3.tf"/>
		<testcase name="[NONE][CKV_AWS_56] Ensure S3 bucket has 'restrict_public_buckets' enabled" classname="/s3.tf.aws_s3_bucket_public_access_block.analysis_bucket_public_access_block" file="/s3.tf"/>
		<testcase name="[NONE][CKV_AWS_55] Ensure S3 bucket has ignore public ACLs enabled" classname="/s3.tf.aws_s3_bucket_public_access_block.analysis_bucket_public_access_block" file="/s3.tf"/>
		<testcase name="[NONE][CKV_AWS_54] Ensure S3 bucket has block public policy enabled" classname="/s3.tf.aws_s3_bucket_public_access_block.analysis_bucket_public_access_block" file="/s3.tf"/>
		<testcase name="[NONE][CKV_AWS_53] Ensure S3 bucket has block public ACLS enabled" classname="/s3.tf.aws_s3_bucket_public_access_block.analysis_bucket_public_access_block" file="/s3.tf"/>
		<testcase name="[NONE][CKV_AWS_93] Ensure S3 bucket policy does not lockout all but root user. (Prevent lockouts needing root account fixes)" classname="/s3.tf.aws_s3_bucket.reyGasExpress_reports_bucket" file="/s3.tf"/>
		<testcase name="[NONE][CKV_AWS_56] Ensure S3 bucket has 'restrict_public_buckets' enabled" classname="/s3.tf.aws_s3_bucket_public_access_block.reports_bucket_public_access_block" file="/s3.tf"/>
		<testcase name="[NONE][CKV_AWS_55] Ensure S3 bucket has ignore public ACLs enabled" classname="/s3.tf.aws_s3_bucket_public_access_block.reports_bucket_public_access_block" file="/s3.tf"/>
		<testcase name="[NONE][CKV_AWS_54] Ensure S3 bucket has block public policy enabled" classname="/s3.tf.aws_s3_bucket_public_access_block.reports_bucket_public_access_block" file="/s3.tf"/>
		<testcase name="[NONE][CKV_AWS_53] Ensure S3 bucket has block public ACLS enabled" classname="/s3.tf.aws_s3_bucket_public_access_block.reports_bucket_public_access_block" file="/s3.tf"/>
		<testcase name="[NONE][CKV_AWS_93] Ensure S3 bucket policy does not lockout all but root user. (Prevent lockouts needing root account fixes)" classname="/s3.tf.aws_s3_bucket.reygas_frontend_failover_bucket" file="/s3.tf"/>
		<testcase name="[NONE][CKV_AWS_56] Ensure S3 bucket has 'restrict_public_buckets' enabled" classname="/s3.tf.aws_s3_bucket_public_access_block.reygas_frontend_failover_pab" file="/s3.tf"/>
		<testcase name="[NONE][CKV_AWS_55] Ensure S3 bucket has ignore public ACLs enabled" classname="/s3.tf.aws_s3_bucket_public_access_block.reygas_frontend_failover_pab" file="/s3.tf"/>
		<testcase name="[NONE][CKV_AWS_54] Ensure S3 bucket has block public policy enabled" classname="/s3.tf.aws_s3_bucket_public_access_block.reygas_frontend_failover_pab" file="/s3.tf"/>
		<testcase name="[NONE][CKV_AWS_53] Ensure S3 bucket has block public ACLS enabled" classname="/s3.tf.aws_s3_bucket_public_access_block.reygas_frontend_failover_pab" file="/s3.tf"/>
		<testcase name="[NONE][CKV_AWS_130] Ensure VPC subnets do not assign public IP by default" classname="/vpc.tf.aws_subnet.lambda_subnet_1" file="/vpc.tf"/>
		<testcase name="[NONE][CKV_AWS_130] Ensure VPC subnets do not assign public IP by default" classname="/vpc.tf.aws_subnet.lambda_subnet_2" file="/vpc.tf"/>
		<testcase name="[NONE][CKV_AWS_130] Ensure VPC subnets do not assign public IP by default" classname="/vpc.tf.aws_subnet.rds_subnet_1" file="/vpc.tf"/>
		<testcase name="[NONE][CKV_AWS_130] Ensure VPC subnets do not assign public IP by default" classname="/vpc.tf.aws_subnet.rds_subnet_2" file="/vpc.tf"/>
		<testcase name="[NONE][CKV_AWS_130] Ensure VPC subnets do not assign public IP by default" classname="/vpc.tf.aws_subnet.public_subnet" file="/vpc.tf"/>
		<testcase name="[NONE][CKV_AWS_24] Ensure no security groups allow ingress from 0.0.0.0:0 to port 22" classname="/vpc.tf.aws_security_group.lambda_sg" file="/vpc.tf"/>
		<testcase name="[NONE][CKV_AWS_277] Ensure no security groups allow ingress from 0.0.0.0:0 to port -1" classname="/vpc.tf.aws_security_group.lambda_sg" file="/vpc.tf"/>
		<testcase name="[NONE][CKV_AWS_260] Ensure no security groups allow ingress from 0.0.0.0:0 to port 80" classname="/vpc.tf.aws_security_group.lambda_sg" file="/vpc.tf"/>
		<testcase name="[NONE][CKV_AWS_25] Ensure no security groups allow ingress from 0.0.0.0:0 to port 3389" classname="/vpc.tf.aws_security_group.lambda_sg" file="/vpc.tf"/>
		<testcase name="[NONE][CKV_AWS_24] Ensure no security groups allow ingress from 0.0.0.0:0 to port 22" classname="/vpc.tf.aws_security_group.rds_sg" file="/vpc.tf"/>
		<testcase name="[NONE][CKV_AWS_277] Ensure no security groups allow ingress from 0.0.0.0:0 to port -1" classname="/vpc.tf.aws_security_group.rds_sg" file="/vpc.tf"/>
		<testcase name="[NONE][CKV_AWS_260] Ensure no security groups allow ingress from 0.0.0.0:0 to port 80" classname="/vpc.tf.aws_security_group.rds_sg" file="/vpc.tf"/>
		<testcase name="[NONE][CKV_AWS_25] Ensure no security groups allow ingress from 0.0.0.0:0 to port 3389" classname="/vpc.tf.aws_security_group.rds_sg" file="/vpc.tf"/>
		<testcase name="[NONE][CKV_AWS_342] Ensure WAF rule has any actions" classname="/waf.tf.aws_wafv2_web_acl.reyGasExpress_waf" file="/waf.tf"/>
		<testcase name="[NONE][CKV_AWS_192] Ensure WAF prevents message lookup in Log4j2. See CVE-2021-44228 aka log4jshell" classname="/waf.tf.aws_wafv2_web_acl.reyGasExpress_waf" file="/waf.tf"/>
		<testcase name="[NONE][CKV_AWS_175] Ensure WAF has associated rules" classname="/waf.tf.aws_wafv2_web_acl.reyGasExpress_waf" file="/waf.tf"/>
		<testcase name="[NONE][CKV2_AWS_44] Ensure AWS route table with VPC peering does not contain routes overly permissive to all traffic" classname="/vpc.tf.aws_route_table.private_rt" file="/vpc.tf"/>
		<testcase name="[NONE][CKV2_AWS_69] Ensure AWS RDS database instance configured with encryption in transit" classname="/rds.tf.aws_db_instance.reygas_postgres_db" file="/rds.tf"/>
		<testcase name="[NONE][CKV_AWS_20] S3 Bucket has an ACL defined which allows public READ access." classname="/s3.tf.aws_s3_bucket.reygas_frontend_bucket" file="/s3.tf"/>
		<testcase name="[NONE][CKV_AWS_20] S3 Bucket has an ACL defined which allows public READ access." classname="/s3.tf.aws_s3_bucket.reyGasExpress_analysis_bucket" file="/s3.tf"/>
		<testcase name="[NONE][CKV_AWS_20] S3 Bucket has an ACL defined which allows public READ access." classname="/s3.tf.aws_s3_bucket.reyGasExpress_reports_bucket" file="/s3.tf"/>
		<testcase name="[NONE][CKV_AWS_20] S3 Bucket has an ACL defined which allows public READ access." classname="/s3.tf.aws_s3_bucket.reygas_frontend_failover_bucket" file="/s3.tf"/>
		<testcase name="[NONE][CKV_AWS_19] Ensure all data stored in the S3 bucket is securely encrypted at rest" classname="/s3.tf.aws_s3_bucket.reygas_frontend_bucket" file="/s3.tf"/>
		<testcase name="[NONE][CKV_AWS_19] Ensure all data stored in the S3 bucket is securely encrypted at rest" classname="/s3.tf.aws_s3_bucket.reyGasExpress_analysis_bucket" file="/s3.tf"/>
		<testcase name="[NONE][CKV_AWS_19] Ensure all data stored in the S3 bucket is securely encrypted at rest" classname="/s3.tf.aws_s3_bucket.reyGasExpress_reports_bucket" file="/s3.tf"/>
		<testcase name="[NONE][CKV_AWS_19] Ensure all data stored in the S3 bucket is securely encrypted at rest" classname="/s3.tf.aws_s3_bucket.reygas_frontend_failover_bucket" file="/s3.tf"/>
		<testcase name="[NONE][CKV2_AWS_5] Ensure that Security Groups are attached to another resource" classname="/vpc.tf.aws_security_group.lambda_sg" file="/vpc.tf"/>
		<testcase name="[NONE][CKV2_AWS_5] Ensure that Security Groups are attached to another resource" classname="/vpc.tf.aws_security_group.rds_sg" file="/vpc.tf"/>
		<testcase name="[NONE][CKV2_AWS_51] Ensure AWS API Gateway endpoints uses client certificate authentication" classname="/apiGateway.tf.aws_apigatewayv2_stage.primary_stage" file="/apiGateway.tf"/>
		<testcase name="[NONE][CKV2_AWS_51] Ensure AWS API Gateway endpoints uses client certificate authentication" classname="/apiGateway.tf.aws_apigatewayv2_stage.secondary_stage" file="/apiGateway.tf"/>
		<testcase name="[NONE][CKV2_AWS_51] Ensure AWS API Gateway endpoints uses client certificate authentication" classname="/apiGateway.tf.aws_apigatewayv2_stage.reyGasExpress_stage" file="/apiGateway.tf"/>
		<testcase name="[NONE][CKV2_AWS_75] Ensure no open CORS policy" classname="/cloudFront.tf.aws_lambda_function.load_balancer_lambda" file="/cloudFront.tf"/>
		<testcase name="[NONE][CKV2_AWS_75] Ensure no open CORS policy" classname="/lambdas.tf.aws_lambda_function.register_order_lambda" file="/lambdas.tf"/>
		<testcase name="[NONE][CKV2_AWS_75] Ensure no open CORS policy" classname="/lambdas.tf.aws_lambda_function.process_order_lambda" file="/lambdas.tf"/>
		<testcase name="[NONE][CKV2_AWS_75] Ensure no open CORS policy" classname="/lambdas.tf.aws_lambda_function.analyze_preferences_lambda" file="/lambdas.tf"/>
		<testcase name="[NONE][CKV2_AWS_75] Ensure no open CORS policy" classname="/lambdas.tf.aws_lambda_function.generate_report_lambda" file="/lambdas.tf"/>
		<testcase name="[NONE][CKV2_AWS_75] Ensure no open CORS policy" classname="/lambdas.tf.aws_lambda_function.send_email_report_lambda" file="/lambdas.tf"/>
		<testcase name="[NONE][CKV2_AWS_56] Ensure AWS Managed IAMFullAccess IAM policy is not used." classname="/iam.tf.aws_iam_role.lambda_execution_role" file="/iam.tf"/>
		<testcase name="[NONE][CKV2_AWS_56] Ensure AWS Managed IAMFullAccess IAM policy is not used." classname="/iam.tf.aws_iam_role_policy_attachment.lambda_vpc_access" file="/iam.tf"/>
		<testcase name="[NONE][CKV2_AWS_56] Ensure AWS Managed IAMFullAccess IAM policy is not used." classname="/iam.tf.aws_iam_role.cloudfront_s3_access_role" file="/iam.tf"/>
		<testcase name="[NONE][CKV2_AWS_72] Ensure AWS CloudFront origin protocol policy enforces HTTPS-only" classname="/cloudFront.tf.aws_cloudfront_distribution.reygas_distribution" file="/cloudFront.tf"/>
		<testcase name="[NONE][CKV_AWS_57] S3 Bucket has an ACL defined which allows public WRITE access." classname="/s3.tf.aws_s3_bucket.reygas_frontend_bucket" file="/s3.tf"/>
		<testcase name="[NONE][CKV_AWS_57] S3 Bucket has an ACL defined which allows public WRITE access." classname="/s3.tf.aws_s3_bucket.reyGasExpress_analysis_bucket" file="/s3.tf"/>
		<testcase name="[NONE][CKV_AWS_57] S3 Bucket has an ACL defined which allows public WRITE access." classname="/s3.tf.aws_s3_bucket.reyGasExpress_reports_bucket" file="/s3.tf"/>
		<testcase name="[NONE][CKV_AWS_57] S3 Bucket has an ACL defined which allows public WRITE access." classname="/s3.tf.aws_s3_bucket.reygas_frontend_failover_bucket" file="/s3.tf"/>
		<testcase name="[NONE][CKV2_AWS_46] Ensure AWS CloudFront Distribution with S3 have Origin Access set to enabled" classname="/cloudFront.tf.aws_cloudfront_distribution.reygas_distribution" file="/cloudFront.tf"/>
		<testcase name="[NONE][CKV2_AWS_40] Ensure AWS IAM policy does not allow full IAM privileges" classname="/iam.tf.aws_iam_policy.lambda_all_permissions_policy" file="/iam.tf"/>
		<testcase name="[NONE][CKV2_AWS_6] Ensure that S3 bucket has a Public Access block" classname="/s3.tf.aws_s3_bucket.reygas_frontend_bucket" file="/s3.tf"/>
		<testcase name="[NONE][CKV2_AWS_6] Ensure that S3 bucket has a Public Access block" classname="/s3.tf.aws_s3_bucket.reyGasExpress_analysis_bucket" file="/s3.tf"/>
		<testcase name="[NONE][CKV2_AWS_6] Ensure that S3 bucket has a Public Access block" classname="/s3.tf.aws_s3_bucket.reyGasExpress_reports_bucket" file="/s3.tf"/>
		<testcase name="[NONE][CKV2_AWS_6] Ensure that S3 bucket has a Public Access block" classname="/s3.tf.aws_s3_bucket.reygas_frontend_failover_bucket" file="/s3.tf"/>
		<testcase name="[NONE][CKV2_AWS_54] Ensure AWS CloudFront distribution is using secure SSL protocols for HTTPS communication" classname="/cloudFront.tf.aws_cloudfront_distribution.reygas_distribution" file="/cloudFront.tf"/>
		<testcase name="[NONE][CKV2_AWS_77] Ensure AWS API Gateway Rest API attached WAFv2 WebACL is configured with AMR for Log4j Vulnerability" classname="/apiGateway.tf.aws_apigatewayv2_api.reyGasExpress_api" file="/apiGateway.tf"/>
		<testcase name="[NONE][CKV2_AWS_35] AWS NAT Gateways should be utilized for the default route" classname="/vpc.tf.aws_route_table.private_rt" file="/vpc.tf"/>
		<testcase name="[NONE][CKV2_AWS_64] Ensure KMS key Policy is defined" classname="/apiGateway.tf.aws_kms_key.cloudwatch_logs_encryption" file="/apiGateway.tf"/>
		<testcase name="[NONE][CKV_AWS_21] Ensure all data stored in the S3 bucket have versioning enabled" classname="/s3.tf.aws_s3_bucket.reygas_frontend_bucket" file="/s3.tf"/>
		<testcase name="[NONE][CKV_AWS_21] Ensure all data stored in the S3 bucket have versioning enabled" classname="/s3.tf.aws_s3_bucket.reygas_frontend_failover_bucket" file="/s3.tf"/>
		<testcase name="[NONE][CKV2_AWS_19] Ensure that all EIP addresses allocated to a VPC are attached to EC2 instances" classname="/vpc.tf.aws_eip.nat_eip" file="/vpc.tf"/>
		<testcase name="[NONE][CKV_AWS_76] Ensure API Gateway has Access Logging enabled" classname="/apiGateway.tf.aws_apigatewayv2_stage.primary_stage" file="/apiGateway.tf">
			<failure type="failure" message="Ensure API Gateway has Access Logging enabled">
Resource: aws_apigatewayv2_stage.primary_stage
File: /apiGateway.tf: 95-111
Guideline: https://docs.prismacloud.io/en/enterprise-edition/policy-reference/aws-policies/aws-logging-policies/logging-17

		95  | resource &quot;aws_apigatewayv2_stage&quot; &quot;primary_stage&quot; {
		96  |   api_id        = aws_apigatewayv2_api.reyGasExpress_api.id
		97  |   name          = &quot;v1&quot;
		98  |   deployment_id = aws_apigatewayv2_deployment.api_deployment.id
		99  |   auto_deploy   = true
		100 | 
		101 |   default_route_settings {
		102 |     throttling_burst_limit = 500
		103 |     throttling_rate_limit  = 1000
		104 |   }
		105 | 
		106 |   tags = {
		107 |     Environment   = var.environment
		108 |     Application   = &quot;reyGasExpress&quot;
		109 |     TrafficWeight = &quot;70&quot;
		110 |   }
		111 | }
</failure>
		</testcase>
		<testcase name="[NONE][CKV_AWS_76] Ensure API Gateway has Access Logging enabled" classname="/apiGateway.tf.aws_apigatewayv2_stage.secondary_stage" file="/apiGateway.tf">
			<failure type="failure" message="Ensure API Gateway has Access Logging enabled">
Resource: aws_apigatewayv2_stage.secondary_stage
File: /apiGateway.tf: 113-129
Guideline: https://docs.prismacloud.io/en/enterprise-edition/policy-reference/aws-policies/aws-logging-policies/logging-17

		113 | resource &quot;aws_apigatewayv2_stage&quot; &quot;secondary_stage&quot; {
		114 |   api_id        = aws_apigatewayv2_api.reyGasExpress_api.id
		115 |   name          = &quot;v2&quot;
		116 |   deployment_id = aws_apigatewayv2_deployment.api_deployment.id
		117 |   auto_deploy   = true
		118 | 
		119 |   default_route_settings {
		120 |     throttling_burst_limit = 500
		121 |     throttling_rate_limit  = 1000
		122 |   }
		123 | 
		124 |   tags = {
		125 |     Environment   = var.environment
		126 |     Application   = &quot;reyGasExpress&quot;
		127 |     TrafficWeight = &quot;30&quot;
		128 |   }
		129 | }
</failure>
		</testcase>
		<testcase name="[NONE][CKV_AWS_173] Check encryption settings for Lambda environmental variable" classname="/cloudFront.tf.aws_lambda_function.load_balancer_lambda" file="/cloudFront.tf">
			<failure type="failure" message="Check encryption settings for Lambda environmental variable">
Resource: aws_lambda_function.load_balancer_lambda
File: /cloudFront.tf: 19-32
Guideline: https://docs.prismacloud.io/en/enterprise-edition/policy-reference/aws-policies/aws-serverless-policies/bc-aws-serverless-5

		19 | resource &quot;aws_lambda_function&quot; &quot;load_balancer_lambda&quot; {
		20 |   function_name = &quot;reyGasExpress-load-balancer-${var.environment}&quot;
		21 |   handler       = &quot;index.handler&quot;
		22 |   runtime       = &quot;nodejs18.x&quot;
		23 |   role          = aws_iam_role.lambda_execution_role.arn
		24 |   filename      = &quot;${path.module}/lambda_code/loadBalancer.zip&quot;
		25 | 
		26 |   environment {
		27 |     variables = {
		28 |       PRIMARY_ENDPOINT   = &quot;https://${aws_apigatewayv2_api.reyGasExpress_api.id}.execute-api.${var.aws_region}.amazonaws.com/v1&quot;
		29 |       SECONDARY_ENDPOINT = &quot;https://${aws_apigatewayv2_api.reyGasExpress_api.id}.execute-api.${var.aws_region}.amazonaws.com/v2&quot;
		30 |     }
		31 |   }
		32 | }
</failure>
		</testcase>
		<testcase name="[NONE][CKV_AWS_117] Ensure that AWS Lambda function is configured inside a VPC" classname="/cloudFront.tf.aws_lambda_function.load_balancer_lambda" file="/cloudFront.tf">
			<failure type="failure" message="Ensure that AWS Lambda function is configured inside a VPC">
Resource: aws_lambda_function.load_balancer_lambda
File: /cloudFront.tf: 19-32
Guideline: https://docs.prismacloud.io/en/enterprise-edition/policy-reference/aws-policies/aws-general-policies/ensure-that-aws-lambda-function-is-configured-inside-a-vpc-1

		19 | resource &quot;aws_lambda_function&quot; &quot;load_balancer_lambda&quot; {
		20 |   function_name = &quot;reyGasExpress-load-balancer-${var.environment}&quot;
		21 |   handler       = &quot;index.handler&quot;
		22 |   runtime       = &quot;nodejs18.x&quot;
		23 |   role          = aws_iam_role.lambda_execution_role.arn
		24 |   filename      = &quot;${path.module}/lambda_code/loadBalancer.zip&quot;
		25 | 
		26 |   environment {
		27 |     variables = {
		28 |       PRIMARY_ENDPOINT   = &quot;https://${aws_apigatewayv2_api.reyGasExpress_api.id}.execute-api.${var.aws_region}.amazonaws.com/v1&quot;
		29 |       SECONDARY_ENDPOINT = &quot;https://${aws_apigatewayv2_api.reyGasExpress_api.id}.execute-api.${var.aws_region}.amazonaws.com/v2&quot;
		30 |     }
		31 |   }
		32 | }
</failure>
		</testcase>
		<testcase name="[NONE][CKV_AWS_50] X-Ray tracing is enabled for Lambda" classname="/cloudFront.tf.aws_lambda_function.load_balancer_lambda" file="/cloudFront.tf">
			<failure type="failure" message="X-Ray tracing is enabled for Lambda">
Resource: aws_lambda_function.load_balancer_lambda
File: /cloudFront.tf: 19-32
Guideline: https://docs.prismacloud.io/en/enterprise-edition/policy-reference/aws-policies/aws-serverless-policies/bc-aws-serverless-4

		19 | resource &quot;aws_lambda_function&quot; &quot;load_balancer_lambda&quot; {
		20 |   function_name = &quot;reyGasExpress-load-balancer-${var.environment}&quot;
		21 |   handler       = &quot;index.handler&quot;
		22 |   runtime       = &quot;nodejs18.x&quot;
		23 |   role          = aws_iam_role.lambda_execution_role.arn
		24 |   filename      = &quot;${path.module}/lambda_code/loadBalancer.zip&quot;
		25 | 
		26 |   environment {
		27 |     variables = {
		28 |       PRIMARY_ENDPOINT   = &quot;https://${aws_apigatewayv2_api.reyGasExpress_api.id}.execute-api.${var.aws_region}.amazonaws.com/v1&quot;
		29 |       SECONDARY_ENDPOINT = &quot;https://${aws_apigatewayv2_api.reyGasExpress_api.id}.execute-api.${var.aws_region}.amazonaws.com/v2&quot;
		30 |     }
		31 |   }
		32 | }
</failure>
		</testcase>
		<testcase name="[NONE][CKV_AWS_116] Ensure that AWS Lambda function is configured for a Dead Letter Queue(DLQ)" classname="/cloudFront.tf.aws_lambda_function.load_balancer_lambda" file="/cloudFront.tf">
			<failure type="failure" message="Ensure that AWS Lambda function is configured for a Dead Letter Queue(DLQ)">
Resource: aws_lambda_function.load_balancer_lambda
File: /cloudFront.tf: 19-32
Guideline: https://docs.prismacloud.io/en/enterprise-edition/policy-reference/aws-policies/aws-general-policies/ensure-that-aws-lambda-function-is-configured-for-a-dead-letter-queue-dlq

		19 | resource &quot;aws_lambda_function&quot; &quot;load_balancer_lambda&quot; {
		20 |   function_name = &quot;reyGasExpress-load-balancer-${var.environment}&quot;
		21 |   handler       = &quot;index.handler&quot;
		22 |   runtime       = &quot;nodejs18.x&quot;
		23 |   role          = aws_iam_role.lambda_execution_role.arn
		24 |   filename      = &quot;${path.module}/lambda_code/loadBalancer.zip&quot;
		25 | 
		26 |   environment {
		27 |     variables = {
		28 |       PRIMARY_ENDPOINT   = &quot;https://${aws_apigatewayv2_api.reyGasExpress_api.id}.execute-api.${var.aws_region}.amazonaws.com/v1&quot;
		29 |       SECONDARY_ENDPOINT = &quot;https://${aws_apigatewayv2_api.reyGasExpress_api.id}.execute-api.${var.aws_region}.amazonaws.com/v2&quot;
		30 |     }
		31 |   }
		32 | }
</failure>
		</testcase>
		<testcase name="[NONE][CKV_AWS_115] Ensure that AWS Lambda function is configured for function-level concurrent execution limit" classname="/cloudFront.tf.aws_lambda_function.load_balancer_lambda" file="/cloudFront.tf">
			<failure type="failure" message="Ensure that AWS Lambda function is configured for function-level concurrent execution limit">
Resource: aws_lambda_function.load_balancer_lambda
File: /cloudFront.tf: 19-32
Guideline: https://docs.prismacloud.io/en/enterprise-edition/policy-reference/aws-policies/aws-general-policies/ensure-that-aws-lambda-function-is-configured-for-function-level-concurrent-execution-limit

		19 | resource &quot;aws_lambda_function&quot; &quot;load_balancer_lambda&quot; {
		20 |   function_name = &quot;reyGasExpress-load-balancer-${var.environment}&quot;
		21 |   handler       = &quot;index.handler&quot;
		22 |   runtime       = &quot;nodejs18.x&quot;
		23 |   role          = aws_iam_role.lambda_execution_role.arn
		24 |   filename      = &quot;${path.module}/lambda_code/loadBalancer.zip&quot;
		25 | 
		26 |   environment {
		27 |     variables = {
		28 |       PRIMARY_ENDPOINT   = &quot;https://${aws_apigatewayv2_api.reyGasExpress_api.id}.execute-api.${var.aws_region}.amazonaws.com/v1&quot;
		29 |       SECONDARY_ENDPOINT = &quot;https://${aws_apigatewayv2_api.reyGasExpress_api.id}.execute-api.${var.aws_region}.amazonaws.com/v2&quot;
		30 |     }
		31 |   }
		32 | }
</failure>
		</testcase>
		<testcase name="[NONE][CKV_AWS_272] Ensure AWS Lambda function is configured to validate code-signing" classname="/cloudFront.tf.aws_lambda_function.load_balancer_lambda" file="/cloudFront.tf">
			<failure type="failure" message="Ensure AWS Lambda function is configured to validate code-signing">
Resource: aws_lambda_function.load_balancer_lambda
File: /cloudFront.tf: 19-32
Guideline: https://docs.prismacloud.io/en/enterprise-edition/policy-reference/aws-policies/aws-general-policies/bc-aws-272

		19 | resource &quot;aws_lambda_function&quot; &quot;load_balancer_lambda&quot; {
		20 |   function_name = &quot;reyGasExpress-load-balancer-${var.environment}&quot;
		21 |   handler       = &quot;index.handler&quot;
		22 |   runtime       = &quot;nodejs18.x&quot;
		23 |   role          = aws_iam_role.lambda_execution_role.arn
		24 |   filename      = &quot;${path.module}/lambda_code/loadBalancer.zip&quot;
		25 | 
		26 |   environment {
		27 |     variables = {
		28 |       PRIMARY_ENDPOINT   = &quot;https://${aws_apigatewayv2_api.reyGasExpress_api.id}.execute-api.${var.aws_region}.amazonaws.com/v1&quot;
		29 |       SECONDARY_ENDPOINT = &quot;https://${aws_apigatewayv2_api.reyGasExpress_api.id}.execute-api.${var.aws_region}.amazonaws.com/v2&quot;
		30 |     }
		31 |   }
		32 | }
</failure>
		</testcase>
		<testcase name="[NONE][CKV_AWS_86] Ensure CloudFront distribution has Access Logging enabled" classname="/cloudFront.tf.aws_cloudfront_distribution.reygas_distribution" file="/cloudFront.tf">
			<failure type="failure" message="Ensure CloudFront distribution has Access Logging enabled">
Resource: aws_cloudfront_distribution.reygas_distribution
File: /cloudFront.tf: 35-158
Guideline: https://docs.prismacloud.io/en/enterprise-edition/policy-reference/aws-policies/aws-logging-policies/logging-20

		Code lines for this resource are too many. Please use IDE of your choice to review the file.</failure>
		</testcase>
		<testcase name="[NONE][CKV_AWS_174] Verify CloudFront Distribution Viewer Certificate is using TLS v1.2" classname="/cloudFront.tf.aws_cloudfront_distribution.reygas_distribution" file="/cloudFront.tf">
			<failure type="failure" message="Verify CloudFront Distribution Viewer Certificate is using TLS v1.2">
Resource: aws_cloudfront_distribution.reygas_distribution
File: /cloudFront.tf: 35-158
Guideline: https://docs.prismacloud.io/en/enterprise-edition/policy-reference/aws-policies/aws-networking-policies/bc-aws-networking-63

		Code lines for this resource are too many. Please use IDE of your choice to review the file.</failure>
		</testcase>
		<testcase name="[NONE][CKV_AWS_290] Ensure IAM policies does not allow write access without constraints" classname="/iam.tf.aws_iam_policy.lambda_all_permissions_policy" file="/iam.tf">
			<failure type="failure" message="Ensure IAM policies does not allow write access without constraints">
Resource: aws_iam_policy.lambda_all_permissions_policy
File: /iam.tf: 27-112
Guideline: https://docs.prismacloud.io/en/enterprise-edition/policy-reference/aws-policies/aws-iam-policies/bc-aws-290

		Code lines for this resource are too many. Please use IDE of your choice to review the file.</failure>
		</testcase>
		<testcase name="[NONE][CKV_AWS_355] Ensure no IAM policies documents allow &quot;*&quot; as a statement's resource for restrictable actions" classname="/iam.tf.aws_iam_policy.lambda_all_permissions_policy" file="/iam.tf">
			<failure type="failure" message="Ensure no IAM policies documents allow &quot;*&quot; as a statement's resource for restrictable actions">
Resource: aws_iam_policy.lambda_all_permissions_policy
File: /iam.tf: 27-112
Guideline: https://docs.prismacloud.io/en/enterprise-edition/policy-reference/aws-policies/aws-iam-policies/bc-aws-355

		Code lines for this resource are too many. Please use IDE of your choice to review the file.</failure>
		</testcase>
		<testcase name="[NONE][CKV_AWS_117] Ensure that AWS Lambda function is configured inside a VPC" classname="/lambdas.tf.aws_lambda_function.register_order_lambda" file="/lambdas.tf">
			<failure type="failure" message="Ensure that AWS Lambda function is configured inside a VPC">
Resource: aws_lambda_function.register_order_lambda
File: /lambdas.tf: 2-25
Guideline: https://docs.prismacloud.io/en/enterprise-edition/policy-reference/aws-policies/aws-general-policies/ensure-that-aws-lambda-function-is-configured-inside-a-vpc-1

		2  | resource &quot;aws_lambda_function&quot; &quot;register_order_lambda&quot; {
		3  |   function_name = &quot;reyGasExpress-registerOrder-${var.environment}&quot;
		4  |   handler       = &quot;registerOrder.handler&quot;
		5  |   runtime       = &quot;nodejs18.x&quot;
		6  |   role          = aws_iam_role.lambda_execution_role.arn
		7  | 
		8  |   filename         = &quot;${var.lambda_code_path}/registerOrder.zip&quot;
		9  |   source_code_hash = filebase64sha256(&quot;${var.lambda_code_path}/registerOrder.zip&quot;)
		10 | 
		11 |   timeout     = 10
		12 |   memory_size = 512
		13 | 
		14 |   tracing_config {
		15 |     mode = &quot;Active&quot;
		16 |   }
		17 | 
		18 |   tags = {
		19 |     Environment = var.environment
		20 |     Application = &quot;reyGasExpress&quot;
		21 |     ManagedBy   = &quot;Terraform&quot;
		22 |   }
		23 | 
		24 |   publish = true
		25 | }
</failure>
		</testcase>
		<testcase name="[NONE][CKV_AWS_116] Ensure that AWS Lambda function is configured for a Dead Letter Queue(DLQ)" classname="/lambdas.tf.aws_lambda_function.register_order_lambda" file="/lambdas.tf">
			<failure type="failure" message="Ensure that AWS Lambda function is configured for a Dead Letter Queue(DLQ)">
Resource: aws_lambda_function.register_order_lambda
File: /lambdas.tf: 2-25
Guideline: https://docs.prismacloud.io/en/enterprise-edition/policy-reference/aws-policies/aws-general-policies/ensure-that-aws-lambda-function-is-configured-for-a-dead-letter-queue-dlq

		2  | resource &quot;aws_lambda_function&quot; &quot;register_order_lambda&quot; {
		3  |   function_name = &quot;reyGasExpress-registerOrder-${var.environment}&quot;
		4  |   handler       = &quot;registerOrder.handler&quot;
		5  |   runtime       = &quot;nodejs18.x&quot;
		6  |   role          = aws_iam_role.lambda_execution_role.arn
		7  | 
		8  |   filename         = &quot;${var.lambda_code_path}/registerOrder.zip&quot;
		9  |   source_code_hash = filebase64sha256(&quot;${var.lambda_code_path}/registerOrder.zip&quot;)
		10 | 
		11 |   timeout     = 10
		12 |   memory_size = 512
		13 | 
		14 |   tracing_config {
		15 |     mode = &quot;Active&quot;
		16 |   }
		17 | 
		18 |   tags = {
		19 |     Environment = var.environment
		20 |     Application = &quot;reyGasExpress&quot;
		21 |     ManagedBy   = &quot;Terraform&quot;
		22 |   }
		23 | 
		24 |   publish = true
		25 | }
</failure>
		</testcase>
		<testcase name="[NONE][CKV_AWS_115] Ensure that AWS Lambda function is configured for function-level concurrent execution limit" classname="/lambdas.tf.aws_lambda_function.register_order_lambda" file="/lambdas.tf">
			<failure type="failure" message="Ensure that AWS Lambda function is configured for function-level concurrent execution limit">
Resource: aws_lambda_function.register_order_lambda
File: /lambdas.tf: 2-25
Guideline: https://docs.prismacloud.io/en/enterprise-edition/policy-reference/aws-policies/aws-general-policies/ensure-that-aws-lambda-function-is-configured-for-function-level-concurrent-execution-limit

		2  | resource &quot;aws_lambda_function&quot; &quot;register_order_lambda&quot; {
		3  |   function_name = &quot;reyGasExpress-registerOrder-${var.environment}&quot;
		4  |   handler       = &quot;registerOrder.handler&quot;
		5  |   runtime       = &quot;nodejs18.x&quot;
		6  |   role          = aws_iam_role.lambda_execution_role.arn
		7  | 
		8  |   filename         = &quot;${var.lambda_code_path}/registerOrder.zip&quot;
		9  |   source_code_hash = filebase64sha256(&quot;${var.lambda_code_path}/registerOrder.zip&quot;)
		10 | 
		11 |   timeout     = 10
		12 |   memory_size = 512
		13 | 
		14 |   tracing_config {
		15 |     mode = &quot;Active&quot;
		16 |   }
		17 | 
		18 |   tags = {
		19 |     Environment = var.environment
		20 |     Application = &quot;reyGasExpress&quot;
		21 |     ManagedBy   = &quot;Terraform&quot;
		22 |   }
		23 | 
		24 |   publish = true
		25 | }
</failure>
		</testcase>
		<testcase name="[NONE][CKV_AWS_272] Ensure AWS Lambda function is configured to validate code-signing" classname="/lambdas.tf.aws_lambda_function.register_order_lambda" file="/lambdas.tf">
			<failure type="failure" message="Ensure AWS Lambda function is configured to validate code-signing">
Resource: aws_lambda_function.register_order_lambda
File: /lambdas.tf: 2-25
Guideline: https://docs.prismacloud.io/en/enterprise-edition/policy-reference/aws-policies/aws-general-policies/bc-aws-272

		2  | resource &quot;aws_lambda_function&quot; &quot;register_order_lambda&quot; {
		3  |   function_name = &quot;reyGasExpress-registerOrder-${var.environment}&quot;
		4  |   handler       = &quot;registerOrder.handler&quot;
		5  |   runtime       = &quot;nodejs18.x&quot;
		6  |   role          = aws_iam_role.lambda_execution_role.arn
		7  | 
		8  |   filename         = &quot;${var.lambda_code_path}/registerOrder.zip&quot;
		9  |   source_code_hash = filebase64sha256(&quot;${var.lambda_code_path}/registerOrder.zip&quot;)
		10 | 
		11 |   timeout     = 10
		12 |   memory_size = 512
		13 | 
		14 |   tracing_config {
		15 |     mode = &quot;Active&quot;
		16 |   }
		17 | 
		18 |   tags = {
		19 |     Environment = var.environment
		20 |     Application = &quot;reyGasExpress&quot;
		21 |     ManagedBy   = &quot;Terraform&quot;
		22 |   }
		23 | 
		24 |   publish = true
		25 | }
</failure>
		</testcase>
		<testcase name="[NONE][CKV_AWS_173] Check encryption settings for Lambda environmental variable" classname="/lambdas.tf.aws_lambda_function.process_order_lambda" file="/lambdas.tf">
			<failure type="failure" message="Check encryption settings for Lambda environmental variable">
Resource: aws_lambda_function.process_order_lambda
File: /lambdas.tf: 28-67
Guideline: https://docs.prismacloud.io/en/enterprise-edition/policy-reference/aws-policies/aws-serverless-policies/bc-aws-serverless-5

		28 | resource &quot;aws_lambda_function&quot; &quot;process_order_lambda&quot; {
		29 |   function_name = &quot;reyGasExpress-processOrder-${var.environment}&quot;
		30 |   handler       = &quot;processOrder.handler&quot;
		31 |   runtime       = &quot;nodejs18.x&quot;
		32 |   role          = aws_iam_role.lambda_execution_role.arn
		33 | 
		34 |   filename         = &quot;${var.lambda_code_path}/processOrder.zip&quot;
		35 |   source_code_hash = filebase64sha256(&quot;${var.lambda_code_path}/processOrder.zip&quot;)
		36 | 
		37 |   timeout     = 60
		38 |   memory_size = 256
		39 | 
		40 |   # Configuración de VPC para acceder a RDS
		41 |   vpc_config {
		42 |     subnet_ids         = [aws_subnet.lambda_subnet_1.id, aws_subnet.lambda_subnet_2.id]
		43 |     security_group_ids = [aws_security_group.lambda_sg.id]
		44 |   }
		45 | 
		46 |   environment {
		47 |     variables = {
		48 |       EVENT_BUS_NAME           = &quot;${var.event_bus_name}-${var.environment}&quot;
		49 |       # Variables para la conexión a RDS PostgreSQL
		50 |       DB_HOST                  = aws_db_instance.reygas_postgres_db.address
		51 |       DB_PORT                  = aws_db_instance.reygas_postgres_db.port
		52 |       DB_NAME                  = var.db_name
		53 |       DB_USERNAME              = var.db_username
		54 |       DB_PASSWORD_SECRET_ARN   = aws_secretsmanager_secret.db_master_password.arn
		55 |     }
		56 |   }
		57 | 
		58 |   tracing_config {
		59 |     mode = &quot;Active&quot;
		60 |   }
		61 | 
		62 |   tags = {
		63 |     Environment = var.environment
		64 |     Application = &quot;reyGasExpress&quot;
		65 |     ManagedBy   = &quot;Terraform&quot;
		66 |   }
		67 | }
</failure>
		</testcase>
		<testcase name="[NONE][CKV_AWS_116] Ensure that AWS Lambda function is configured for a Dead Letter Queue(DLQ)" classname="/lambdas.tf.aws_lambda_function.process_order_lambda" file="/lambdas.tf">
			<failure type="failure" message="Ensure that AWS Lambda function is configured for a Dead Letter Queue(DLQ)">
Resource: aws_lambda_function.process_order_lambda
File: /lambdas.tf: 28-67
Guideline: https://docs.prismacloud.io/en/enterprise-edition/policy-reference/aws-policies/aws-general-policies/ensure-that-aws-lambda-function-is-configured-for-a-dead-letter-queue-dlq

		28 | resource &quot;aws_lambda_function&quot; &quot;process_order_lambda&quot; {
		29 |   function_name = &quot;reyGasExpress-processOrder-${var.environment}&quot;
		30 |   handler       = &quot;processOrder.handler&quot;
		31 |   runtime       = &quot;nodejs18.x&quot;
		32 |   role          = aws_iam_role.lambda_execution_role.arn
		33 | 
		34 |   filename         = &quot;${var.lambda_code_path}/processOrder.zip&quot;
		35 |   source_code_hash = filebase64sha256(&quot;${var.lambda_code_path}/processOrder.zip&quot;)
		36 | 
		37 |   timeout     = 60
		38 |   memory_size = 256
		39 | 
		40 |   # Configuración de VPC para acceder a RDS
		41 |   vpc_config {
		42 |     subnet_ids         = [aws_subnet.lambda_subnet_1.id, aws_subnet.lambda_subnet_2.id]
		43 |     security_group_ids = [aws_security_group.lambda_sg.id]
		44 |   }
		45 | 
		46 |   environment {
		47 |     variables = {
		48 |       EVENT_BUS_NAME           = &quot;${var.event_bus_name}-${var.environment}&quot;
		49 |       # Variables para la conexión a RDS PostgreSQL
		50 |       DB_HOST                  = aws_db_instance.reygas_postgres_db.address
		51 |       DB_PORT                  = aws_db_instance.reygas_postgres_db.port
		52 |       DB_NAME                  = var.db_name
		53 |       DB_USERNAME              = var.db_username
		54 |       DB_PASSWORD_SECRET_ARN   = aws_secretsmanager_secret.db_master_password.arn
		55 |     }
		56 |   }
		57 | 
		58 |   tracing_config {
		59 |     mode = &quot;Active&quot;
		60 |   }
		61 | 
		62 |   tags = {
		63 |     Environment = var.environment
		64 |     Application = &quot;reyGasExpress&quot;
		65 |     ManagedBy   = &quot;Terraform&quot;
		66 |   }
		67 | }
</failure>
		</testcase>
		<testcase name="[NONE][CKV_AWS_115] Ensure that AWS Lambda function is configured for function-level concurrent execution limit" classname="/lambdas.tf.aws_lambda_function.process_order_lambda" file="/lambdas.tf">
			<failure type="failure" message="Ensure that AWS Lambda function is configured for function-level concurrent execution limit">
Resource: aws_lambda_function.process_order_lambda
File: /lambdas.tf: 28-67
Guideline: https://docs.prismacloud.io/en/enterprise-edition/policy-reference/aws-policies/aws-general-policies/ensure-that-aws-lambda-function-is-configured-for-function-level-concurrent-execution-limit

		28 | resource &quot;aws_lambda_function&quot; &quot;process_order_lambda&quot; {
		29 |   function_name = &quot;reyGasExpress-processOrder-${var.environment}&quot;
		30 |   handler       = &quot;processOrder.handler&quot;
		31 |   runtime       = &quot;nodejs18.x&quot;
		32 |   role          = aws_iam_role.lambda_execution_role.arn
		33 | 
		34 |   filename         = &quot;${var.lambda_code_path}/processOrder.zip&quot;
		35 |   source_code_hash = filebase64sha256(&quot;${var.lambda_code_path}/processOrder.zip&quot;)
		36 | 
		37 |   timeout     = 60
		38 |   memory_size = 256
		39 | 
		40 |   # Configuración de VPC para acceder a RDS
		41 |   vpc_config {
		42 |     subnet_ids         = [aws_subnet.lambda_subnet_1.id, aws_subnet.lambda_subnet_2.id]
		43 |     security_group_ids = [aws_security_group.lambda_sg.id]
		44 |   }
		45 | 
		46 |   environment {
		47 |     variables = {
		48 |       EVENT_BUS_NAME           = &quot;${var.event_bus_name}-${var.environment}&quot;
		49 |       # Variables para la conexión a RDS PostgreSQL
		50 |       DB_HOST                  = aws_db_instance.reygas_postgres_db.address
		51 |       DB_PORT                  = aws_db_instance.reygas_postgres_db.port
		52 |       DB_NAME                  = var.db_name
		53 |       DB_USERNAME              = var.db_username
		54 |       DB_PASSWORD_SECRET_ARN   = aws_secretsmanager_secret.db_master_password.arn
		55 |     }
		56 |   }
		57 | 
		58 |   tracing_config {
		59 |     mode = &quot;Active&quot;
		60 |   }
		61 | 
		62 |   tags = {
		63 |     Environment = var.environment
		64 |     Application = &quot;reyGasExpress&quot;
		65 |     ManagedBy   = &quot;Terraform&quot;
		66 |   }
		67 | }
</failure>
		</testcase>
		<testcase name="[NONE][CKV_AWS_272] Ensure AWS Lambda function is configured to validate code-signing" classname="/lambdas.tf.aws_lambda_function.process_order_lambda" file="/lambdas.tf">
			<failure type="failure" message="Ensure AWS Lambda function is configured to validate code-signing">
Resource: aws_lambda_function.process_order_lambda
File: /lambdas.tf: 28-67
Guideline: https://docs.prismacloud.io/en/enterprise-edition/policy-reference/aws-policies/aws-general-policies/bc-aws-272

		28 | resource &quot;aws_lambda_function&quot; &quot;process_order_lambda&quot; {
		29 |   function_name = &quot;reyGasExpress-processOrder-${var.environment}&quot;
		30 |   handler       = &quot;processOrder.handler&quot;
		31 |   runtime       = &quot;nodejs18.x&quot;
		32 |   role          = aws_iam_role.lambda_execution_role.arn
		33 | 
		34 |   filename         = &quot;${var.lambda_code_path}/processOrder.zip&quot;
		35 |   source_code_hash = filebase64sha256(&quot;${var.lambda_code_path}/processOrder.zip&quot;)
		36 | 
		37 |   timeout     = 60
		38 |   memory_size = 256
		39 | 
		40 |   # Configuración de VPC para acceder a RDS
		41 |   vpc_config {
		42 |     subnet_ids         = [aws_subnet.lambda_subnet_1.id, aws_subnet.lambda_subnet_2.id]
		43 |     security_group_ids = [aws_security_group.lambda_sg.id]
		44 |   }
		45 | 
		46 |   environment {
		47 |     variables = {
		48 |       EVENT_BUS_NAME           = &quot;${var.event_bus_name}-${var.environment}&quot;
		49 |       # Variables para la conexión a RDS PostgreSQL
		50 |       DB_HOST                  = aws_db_instance.reygas_postgres_db.address
		51 |       DB_PORT                  = aws_db_instance.reygas_postgres_db.port
		52 |       DB_NAME                  = var.db_name
		53 |       DB_USERNAME              = var.db_username
		54 |       DB_PASSWORD_SECRET_ARN   = aws_secretsmanager_secret.db_master_password.arn
		55 |     }
		56 |   }
		57 | 
		58 |   tracing_config {
		59 |     mode = &quot;Active&quot;
		60 |   }
		61 | 
		62 |   tags = {
		63 |     Environment = var.environment
		64 |     Application = &quot;reyGasExpress&quot;
		65 |     ManagedBy   = &quot;Terraform&quot;
		66 |   }
		67 | }
</failure>
		</testcase>
		<testcase name="[NONE][CKV_AWS_173] Check encryption settings for Lambda environmental variable" classname="/lambdas.tf.aws_lambda_function.analyze_preferences_lambda" file="/lambdas.tf">
			<failure type="failure" message="Check encryption settings for Lambda environmental variable">
Resource: aws_lambda_function.analyze_preferences_lambda
File: /lambdas.tf: 70-110
Guideline: https://docs.prismacloud.io/en/enterprise-edition/policy-reference/aws-policies/aws-serverless-policies/bc-aws-serverless-5

		70  | resource &quot;aws_lambda_function&quot; &quot;analyze_preferences_lambda&quot; {
		71  |   function_name = &quot;reyGasExpress-analyzePreferences-${var.environment}&quot;
		72  |   handler       = &quot;analyzePreferences.handler&quot;
		73  |   runtime       = &quot;nodejs18.x&quot;
		74  |   role          = aws_iam_role.lambda_execution_role.arn
		75  | 
		76  |   filename         = &quot;${var.lambda_code_path}/analyzePreferences.zip&quot;
		77  |   source_code_hash = filebase64sha256(&quot;${var.lambda_code_path}/analyzePreferences.zip&quot;)
		78  | 
		79  |   timeout     = 90
		80  |   memory_size = 256
		81  | 
		82  |   # Configuración de VPC para acceder a RDS
		83  |   vpc_config {
		84  |     subnet_ids         = [aws_subnet.lambda_subnet_1.id, aws_subnet.lambda_subnet_2.id]
		85  |     security_group_ids = [aws_security_group.lambda_sg.id]
		86  |   }
		87  | 
		88  |   environment {
		89  |     variables = {
		90  |       ANALYSIS_BUCKET_NAME = aws_s3_bucket.reyGasExpress_analysis_bucket.id
		91  |       REPORT_TOPIC_ARN     = aws_sns_topic.reyGasExpress_reports_topic.arn
		92  |       # Variables para la conexión a RDS PostgreSQL
		93  |       DB_HOST                  = aws_db_instance.reygas_postgres_db.address
		94  |       DB_PORT                  = aws_db_instance.reygas_postgres_db.port
		95  |       DB_NAME                  = var.db_name
		96  |       DB_USERNAME              = var.db_username
		97  |       DB_PASSWORD_SECRET_ARN   = aws_secretsmanager_secret.db_master_password.arn
		98  |     }
		99  |   }
		100 | 
		101 |   tracing_config {
		102 |     mode = &quot;Active&quot;
		103 |   }
		104 | 
		105 |   tags = {
		106 |     Environment = var.environment
		107 |     Application = &quot;reyGasExpress&quot;
		108 |     ManagedBy   = &quot;Terraform&quot;
		109 |   }
		110 | }
</failure>
		</testcase>
		<testcase name="[NONE][CKV_AWS_116] Ensure that AWS Lambda function is configured for a Dead Letter Queue(DLQ)" classname="/lambdas.tf.aws_lambda_function.analyze_preferences_lambda" file="/lambdas.tf">
			<failure type="failure" message="Ensure that AWS Lambda function is configured for a Dead Letter Queue(DLQ)">
Resource: aws_lambda_function.analyze_preferences_lambda
File: /lambdas.tf: 70-110
Guideline: https://docs.prismacloud.io/en/enterprise-edition/policy-reference/aws-policies/aws-general-policies/ensure-that-aws-lambda-function-is-configured-for-a-dead-letter-queue-dlq

		70  | resource &quot;aws_lambda_function&quot; &quot;analyze_preferences_lambda&quot; {
		71  |   function_name = &quot;reyGasExpress-analyzePreferences-${var.environment}&quot;
		72  |   handler       = &quot;analyzePreferences.handler&quot;
		73  |   runtime       = &quot;nodejs18.x&quot;
		74  |   role          = aws_iam_role.lambda_execution_role.arn
		75  | 
		76  |   filename         = &quot;${var.lambda_code_path}/analyzePreferences.zip&quot;
		77  |   source_code_hash = filebase64sha256(&quot;${var.lambda_code_path}/analyzePreferences.zip&quot;)
		78  | 
		79  |   timeout     = 90
		80  |   memory_size = 256
		81  | 
		82  |   # Configuración de VPC para acceder a RDS
		83  |   vpc_config {
		84  |     subnet_ids         = [aws_subnet.lambda_subnet_1.id, aws_subnet.lambda_subnet_2.id]
		85  |     security_group_ids = [aws_security_group.lambda_sg.id]
		86  |   }
		87  | 
		88  |   environment {
		89  |     variables = {
		90  |       ANALYSIS_BUCKET_NAME = aws_s3_bucket.reyGasExpress_analysis_bucket.id
		91  |       REPORT_TOPIC_ARN     = aws_sns_topic.reyGasExpress_reports_topic.arn
		92  |       # Variables para la conexión a RDS PostgreSQL
		93  |       DB_HOST                  = aws_db_instance.reygas_postgres_db.address
		94  |       DB_PORT                  = aws_db_instance.reygas_postgres_db.port
		95  |       DB_NAME                  = var.db_name
		96  |       DB_USERNAME              = var.db_username
		97  |       DB_PASSWORD_SECRET_ARN   = aws_secretsmanager_secret.db_master_password.arn
		98  |     }
		99  |   }
		100 | 
		101 |   tracing_config {
		102 |     mode = &quot;Active&quot;
		103 |   }
		104 | 
		105 |   tags = {
		106 |     Environment = var.environment
		107 |     Application = &quot;reyGasExpress&quot;
		108 |     ManagedBy   = &quot;Terraform&quot;
		109 |   }
		110 | }
</failure>
		</testcase>
		<testcase name="[NONE][CKV_AWS_115] Ensure that AWS Lambda function is configured for function-level concurrent execution limit" classname="/lambdas.tf.aws_lambda_function.analyze_preferences_lambda" file="/lambdas.tf">
			<failure type="failure" message="Ensure that AWS Lambda function is configured for function-level concurrent execution limit">
Resource: aws_lambda_function.analyze_preferences_lambda
File: /lambdas.tf: 70-110
Guideline: https://docs.prismacloud.io/en/enterprise-edition/policy-reference/aws-policies/aws-general-policies/ensure-that-aws-lambda-function-is-configured-for-function-level-concurrent-execution-limit

		70  | resource &quot;aws_lambda_function&quot; &quot;analyze_preferences_lambda&quot; {
		71  |   function_name = &quot;reyGasExpress-analyzePreferences-${var.environment}&quot;
		72  |   handler       = &quot;analyzePreferences.handler&quot;
		73  |   runtime       = &quot;nodejs18.x&quot;
		74  |   role          = aws_iam_role.lambda_execution_role.arn
		75  | 
		76  |   filename         = &quot;${var.lambda_code_path}/analyzePreferences.zip&quot;
		77  |   source_code_hash = filebase64sha256(&quot;${var.lambda_code_path}/analyzePreferences.zip&quot;)
		78  | 
		79  |   timeout     = 90
		80  |   memory_size = 256
		81  | 
		82  |   # Configuración de VPC para acceder a RDS
		83  |   vpc_config {
		84  |     subnet_ids         = [aws_subnet.lambda_subnet_1.id, aws_subnet.lambda_subnet_2.id]
		85  |     security_group_ids = [aws_security_group.lambda_sg.id]
		86  |   }
		87  | 
		88  |   environment {
		89  |     variables = {
		90  |       ANALYSIS_BUCKET_NAME = aws_s3_bucket.reyGasExpress_analysis_bucket.id
		91  |       REPORT_TOPIC_ARN     = aws_sns_topic.reyGasExpress_reports_topic.arn
		92  |       # Variables para la conexión a RDS PostgreSQL
		93  |       DB_HOST                  = aws_db_instance.reygas_postgres_db.address
		94  |       DB_PORT                  = aws_db_instance.reygas_postgres_db.port
		95  |       DB_NAME                  = var.db_name
		96  |       DB_USERNAME              = var.db_username
		97  |       DB_PASSWORD_SECRET_ARN   = aws_secretsmanager_secret.db_master_password.arn
		98  |     }
		99  |   }
		100 | 
		101 |   tracing_config {
		102 |     mode = &quot;Active&quot;
		103 |   }
		104 | 
		105 |   tags = {
		106 |     Environment = var.environment
		107 |     Application = &quot;reyGasExpress&quot;
		108 |     ManagedBy   = &quot;Terraform&quot;
		109 |   }
		110 | }
</failure>
		</testcase>
		<testcase name="[NONE][CKV_AWS_272] Ensure AWS Lambda function is configured to validate code-signing" classname="/lambdas.tf.aws_lambda_function.analyze_preferences_lambda" file="/lambdas.tf">
			<failure type="failure" message="Ensure AWS Lambda function is configured to validate code-signing">
Resource: aws_lambda_function.analyze_preferences_lambda
File: /lambdas.tf: 70-110
Guideline: https://docs.prismacloud.io/en/enterprise-edition/policy-reference/aws-policies/aws-general-policies/bc-aws-272

		70  | resource &quot;aws_lambda_function&quot; &quot;analyze_preferences_lambda&quot; {
		71  |   function_name = &quot;reyGasExpress-analyzePreferences-${var.environment}&quot;
		72  |   handler       = &quot;analyzePreferences.handler&quot;
		73  |   runtime       = &quot;nodejs18.x&quot;
		74  |   role          = aws_iam_role.lambda_execution_role.arn
		75  | 
		76  |   filename         = &quot;${var.lambda_code_path}/analyzePreferences.zip&quot;
		77  |   source_code_hash = filebase64sha256(&quot;${var.lambda_code_path}/analyzePreferences.zip&quot;)
		78  | 
		79  |   timeout     = 90
		80  |   memory_size = 256
		81  | 
		82  |   # Configuración de VPC para acceder a RDS
		83  |   vpc_config {
		84  |     subnet_ids         = [aws_subnet.lambda_subnet_1.id, aws_subnet.lambda_subnet_2.id]
		85  |     security_group_ids = [aws_security_group.lambda_sg.id]
		86  |   }
		87  | 
		88  |   environment {
		89  |     variables = {
		90  |       ANALYSIS_BUCKET_NAME = aws_s3_bucket.reyGasExpress_analysis_bucket.id
		91  |       REPORT_TOPIC_ARN     = aws_sns_topic.reyGasExpress_reports_topic.arn
		92  |       # Variables para la conexión a RDS PostgreSQL
		93  |       DB_HOST                  = aws_db_instance.reygas_postgres_db.address
		94  |       DB_PORT                  = aws_db_instance.reygas_postgres_db.port
		95  |       DB_NAME                  = var.db_name
		96  |       DB_USERNAME              = var.db_username
		97  |       DB_PASSWORD_SECRET_ARN   = aws_secretsmanager_secret.db_master_password.arn
		98  |     }
		99  |   }
		100 | 
		101 |   tracing_config {
		102 |     mode = &quot;Active&quot;
		103 |   }
		104 | 
		105 |   tags = {
		106 |     Environment = var.environment
		107 |     Application = &quot;reyGasExpress&quot;
		108 |     ManagedBy   = &quot;Terraform&quot;
		109 |   }
		110 | }
</failure>
		</testcase>
		<testcase name="[NONE][CKV_AWS_173] Check encryption settings for Lambda environmental variable" classname="/lambdas.tf.aws_lambda_function.generate_report_lambda" file="/lambdas.tf">
			<failure type="failure" message="Check encryption settings for Lambda environmental variable">
Resource: aws_lambda_function.generate_report_lambda
File: /lambdas.tf: 113-142
Guideline: https://docs.prismacloud.io/en/enterprise-edition/policy-reference/aws-policies/aws-serverless-policies/bc-aws-serverless-5

		113 | resource &quot;aws_lambda_function&quot; &quot;generate_report_lambda&quot; {
		114 |   function_name = &quot;reyGasExpress-generateReport-${var.environment}&quot;
		115 |   handler       = &quot;generateReport.handler&quot;
		116 |   runtime       = &quot;nodejs18.x&quot;
		117 |   role          = aws_iam_role.lambda_execution_role.arn
		118 | 
		119 |   filename         = &quot;${var.lambda_code_path}/generateReport.zip&quot;
		120 |   source_code_hash = filebase64sha256(&quot;${var.lambda_code_path}/generateReport.zip&quot;)
		121 | 
		122 |   timeout     = 90
		123 |   memory_size = 256
		124 | 
		125 |   environment {
		126 |     variables = {
		127 |       ANALYSIS_BUCKET_NAME = aws_s3_bucket.reyGasExpress_analysis_bucket.id
		128 |       REPORTS_BUCKET_NAME  = aws_s3_bucket.reyGasExpress_reports_bucket.id
		129 |       EMAIL_TOPIC_ARN      = aws_sns_topic.reyGasExpress_email_topic.arn
		130 |     }
		131 |   }
		132 | 
		133 |   tracing_config {
		134 |     mode = &quot;Active&quot;
		135 |   }
		136 | 
		137 |   tags = {
		138 |     Environment = var.environment
		139 |     Application = &quot;reyGasExpress&quot;
		140 |     ManagedBy   = &quot;Terraform&quot;
		141 |   }
		142 | }
</failure>
		</testcase>
		<testcase name="[NONE][CKV_AWS_117] Ensure that AWS Lambda function is configured inside a VPC" classname="/lambdas.tf.aws_lambda_function.generate_report_lambda" file="/lambdas.tf">
			<failure type="failure" message="Ensure that AWS Lambda function is configured inside a VPC">
Resource: aws_lambda_function.generate_report_lambda
File: /lambdas.tf: 113-142
Guideline: https://docs.prismacloud.io/en/enterprise-edition/policy-reference/aws-policies/aws-general-policies/ensure-that-aws-lambda-function-is-configured-inside-a-vpc-1

		113 | resource &quot;aws_lambda_function&quot; &quot;generate_report_lambda&quot; {
		114 |   function_name = &quot;reyGasExpress-generateReport-${var.environment}&quot;
		115 |   handler       = &quot;generateReport.handler&quot;
		116 |   runtime       = &quot;nodejs18.x&quot;
		117 |   role          = aws_iam_role.lambda_execution_role.arn
		118 | 
		119 |   filename         = &quot;${var.lambda_code_path}/generateReport.zip&quot;
		120 |   source_code_hash = filebase64sha256(&quot;${var.lambda_code_path}/generateReport.zip&quot;)
		121 | 
		122 |   timeout     = 90
		123 |   memory_size = 256
		124 | 
		125 |   environment {
		126 |     variables = {
		127 |       ANALYSIS_BUCKET_NAME = aws_s3_bucket.reyGasExpress_analysis_bucket.id
		128 |       REPORTS_BUCKET_NAME  = aws_s3_bucket.reyGasExpress_reports_bucket.id
		129 |       EMAIL_TOPIC_ARN      = aws_sns_topic.reyGasExpress_email_topic.arn
		130 |     }
		131 |   }
		132 | 
		133 |   tracing_config {
		134 |     mode = &quot;Active&quot;
		135 |   }
		136 | 
		137 |   tags = {
		138 |     Environment = var.environment
		139 |     Application = &quot;reyGasExpress&quot;
		140 |     ManagedBy   = &quot;Terraform&quot;
		141 |   }
		142 | }
</failure>
		</testcase>
		<testcase name="[NONE][CKV_AWS_116] Ensure that AWS Lambda function is configured for a Dead Letter Queue(DLQ)" classname="/lambdas.tf.aws_lambda_function.generate_report_lambda" file="/lambdas.tf">
			<failure type="failure" message="Ensure that AWS Lambda function is configured for a Dead Letter Queue(DLQ)">
Resource: aws_lambda_function.generate_report_lambda
File: /lambdas.tf: 113-142
Guideline: https://docs.prismacloud.io/en/enterprise-edition/policy-reference/aws-policies/aws-general-policies/ensure-that-aws-lambda-function-is-configured-for-a-dead-letter-queue-dlq

		113 | resource &quot;aws_lambda_function&quot; &quot;generate_report_lambda&quot; {
		114 |   function_name = &quot;reyGasExpress-generateReport-${var.environment}&quot;
		115 |   handler       = &quot;generateReport.handler&quot;
		116 |   runtime       = &quot;nodejs18.x&quot;
		117 |   role          = aws_iam_role.lambda_execution_role.arn
		118 | 
		119 |   filename         = &quot;${var.lambda_code_path}/generateReport.zip&quot;
		120 |   source_code_hash = filebase64sha256(&quot;${var.lambda_code_path}/generateReport.zip&quot;)
		121 | 
		122 |   timeout     = 90
		123 |   memory_size = 256
		124 | 
		125 |   environment {
		126 |     variables = {
		127 |       ANALYSIS_BUCKET_NAME = aws_s3_bucket.reyGasExpress_analysis_bucket.id
		128 |       REPORTS_BUCKET_NAME  = aws_s3_bucket.reyGasExpress_reports_bucket.id
		129 |       EMAIL_TOPIC_ARN      = aws_sns_topic.reyGasExpress_email_topic.arn
		130 |     }
		131 |   }
		132 | 
		133 |   tracing_config {
		134 |     mode = &quot;Active&quot;
		135 |   }
		136 | 
		137 |   tags = {
		138 |     Environment = var.environment
		139 |     Application = &quot;reyGasExpress&quot;
		140 |     ManagedBy   = &quot;Terraform&quot;
		141 |   }
		142 | }
</failure>
		</testcase>
		<testcase name="[NONE][CKV_AWS_115] Ensure that AWS Lambda function is configured for function-level concurrent execution limit" classname="/lambdas.tf.aws_lambda_function.generate_report_lambda" file="/lambdas.tf">
			<failure type="failure" message="Ensure that AWS Lambda function is configured for function-level concurrent execution limit">
Resource: aws_lambda_function.generate_report_lambda
File: /lambdas.tf: 113-142
Guideline: https://docs.prismacloud.io/en/enterprise-edition/policy-reference/aws-policies/aws-general-policies/ensure-that-aws-lambda-function-is-configured-for-function-level-concurrent-execution-limit

		113 | resource &quot;aws_lambda_function&quot; &quot;generate_report_lambda&quot; {
		114 |   function_name = &quot;reyGasExpress-generateReport-${var.environment}&quot;
		115 |   handler       = &quot;generateReport.handler&quot;
		116 |   runtime       = &quot;nodejs18.x&quot;
		117 |   role          = aws_iam_role.lambda_execution_role.arn
		118 | 
		119 |   filename         = &quot;${var.lambda_code_path}/generateReport.zip&quot;
		120 |   source_code_hash = filebase64sha256(&quot;${var.lambda_code_path}/generateReport.zip&quot;)
		121 | 
		122 |   timeout     = 90
		123 |   memory_size = 256
		124 | 
		125 |   environment {
		126 |     variables = {
		127 |       ANALYSIS_BUCKET_NAME = aws_s3_bucket.reyGasExpress_analysis_bucket.id
		128 |       REPORTS_BUCKET_NAME  = aws_s3_bucket.reyGasExpress_reports_bucket.id
		129 |       EMAIL_TOPIC_ARN      = aws_sns_topic.reyGasExpress_email_topic.arn
		130 |     }
		131 |   }
		132 | 
		133 |   tracing_config {
		134 |     mode = &quot;Active&quot;
		135 |   }
		136 | 
		137 |   tags = {
		138 |     Environment = var.environment
		139 |     Application = &quot;reyGasExpress&quot;
		140 |     ManagedBy   = &quot;Terraform&quot;
		141 |   }
		142 | }
</failure>
		</testcase>
		<testcase name="[NONE][CKV_AWS_272] Ensure AWS Lambda function is configured to validate code-signing" classname="/lambdas.tf.aws_lambda_function.generate_report_lambda" file="/lambdas.tf">
			<failure type="failure" message="Ensure AWS Lambda function is configured to validate code-signing">
Resource: aws_lambda_function.generate_report_lambda
File: /lambdas.tf: 113-142
Guideline: https://docs.prismacloud.io/en/enterprise-edition/policy-reference/aws-policies/aws-general-policies/bc-aws-272

		113 | resource &quot;aws_lambda_function&quot; &quot;generate_report_lambda&quot; {
		114 |   function_name = &quot;reyGasExpress-generateReport-${var.environment}&quot;
		115 |   handler       = &quot;generateReport.handler&quot;
		116 |   runtime       = &quot;nodejs18.x&quot;
		117 |   role          = aws_iam_role.lambda_execution_role.arn
		118 | 
		119 |   filename         = &quot;${var.lambda_code_path}/generateReport.zip&quot;
		120 |   source_code_hash = filebase64sha256(&quot;${var.lambda_code_path}/generateReport.zip&quot;)
		121 | 
		122 |   timeout     = 90
		123 |   memory_size = 256
		124 | 
		125 |   environment {
		126 |     variables = {
		127 |       ANALYSIS_BUCKET_NAME = aws_s3_bucket.reyGasExpress_analysis_bucket.id
		128 |       REPORTS_BUCKET_NAME  = aws_s3_bucket.reyGasExpress_reports_bucket.id
		129 |       EMAIL_TOPIC_ARN      = aws_sns_topic.reyGasExpress_email_topic.arn
		130 |     }
		131 |   }
		132 | 
		133 |   tracing_config {
		134 |     mode = &quot;Active&quot;
		135 |   }
		136 | 
		137 |   tags = {
		138 |     Environment = var.environment
		139 |     Application = &quot;reyGasExpress&quot;
		140 |     ManagedBy   = &quot;Terraform&quot;
		141 |   }
		142 | }
</failure>
		</testcase>
		<testcase name="[NONE][CKV_AWS_173] Check encryption settings for Lambda environmental variable" classname="/lambdas.tf.aws_lambda_function.send_email_report_lambda" file="/lambdas.tf">
			<failure type="failure" message="Check encryption settings for Lambda environmental variable">
Resource: aws_lambda_function.send_email_report_lambda
File: /lambdas.tf: 152-181
Guideline: https://docs.prismacloud.io/en/enterprise-edition/policy-reference/aws-policies/aws-serverless-policies/bc-aws-serverless-5

		152 | resource &quot;aws_lambda_function&quot; &quot;send_email_report_lambda&quot; {
		153 |   function_name = &quot;reyGasExpress-sendEmailReport-${var.environment}&quot;
		154 |   handler       = &quot;sendEmailReport.handler&quot;
		155 |   runtime       = &quot;nodejs18.x&quot;
		156 |   role          = aws_iam_role.lambda_execution_role.arn
		157 | 
		158 |   filename         = &quot;${var.lambda_code_path}/sendEmailReport.zip&quot;
		159 |   source_code_hash = filebase64sha256(&quot;${var.lambda_code_path}/sendEmailReport.zip&quot;)
		160 | 
		161 |   timeout     = 60
		162 |   memory_size = 192
		163 | 
		164 |   environment {
		165 |     variables = {
		166 |       REPORTS_BUCKET_NAME = aws_s3_bucket.reyGasExpress_reports_bucket.id
		167 |       FROM_EMAIL          = var.from_email_address
		168 |       TO_EMAIL            = var.to_email_address
		169 |     }
		170 |   }
		171 | 
		172 |   tracing_config {
		173 |     mode = &quot;Active&quot;
		174 |   }
		175 | 
		176 |   tags = {
		177 |     Environment = var.environment
		178 |     Application = &quot;reyGasExpress&quot;
		179 |     ManagedBy   = &quot;Terraform&quot;
		180 |   }
		181 | }
</failure>
		</testcase>
		<testcase name="[NONE][CKV_AWS_117] Ensure that AWS Lambda function is configured inside a VPC" classname="/lambdas.tf.aws_lambda_function.send_email_report_lambda" file="/lambdas.tf">
			<failure type="failure" message="Ensure that AWS Lambda function is configured inside a VPC">
Resource: aws_lambda_function.send_email_report_lambda
File: /lambdas.tf: 152-181
Guideline: https://docs.prismacloud.io/en/enterprise-edition/policy-reference/aws-policies/aws-general-policies/ensure-that-aws-lambda-function-is-configured-inside-a-vpc-1

[...]
		40 | 
		41 |   tags = {
		42 |     Environment = var.environment
		43 |     Application = &quot;reyGasExpress&quot;
		44 |     ManagedBy   = &quot;Terraform&quot;
		45 |   }
		46 | }
</failure>
		</testcase>
		<testcase name="[NONE][CKV_AWS_144] Ensure that S3 bucket has cross-region replication enabled" classname="/s3.tf.aws_s3_bucket.reyGasExpress_reports_bucket" file="/s3.tf">
			<failure type="failure" message="Ensure that S3 bucket has cross-region replication enabled">
Resource: aws_s3_bucket.reyGasExpress_reports_bucket
File: /s3.tf: 65-73
Guideline: https://docs.prismacloud.io/en/enterprise-edition/policy-reference/aws-policies/aws-general-policies/ensure-that-s3-bucket-has-cross-region-replication-enabled

		65 | resource &quot;aws_s3_bucket&quot; &quot;reyGasExpress_reports_bucket&quot; {
		66 |   bucket = var.reports_bucket_name
		67 | 
		68 |   tags = {
		69 |     Environment = var.environment
		70 |     Application = &quot;reyGasExpress&quot;
		71 |     ManagedBy   = &quot;Terraform&quot;
		72 |   }
		73 | }
</failure>
		</testcase>
		<testcase name="[NONE][CKV_AWS_144] Ensure that S3 bucket has cross-region replication enabled" classname="/s3.tf.aws_s3_bucket.reygas_frontend_failover_bucket" file="/s3.tf">
			<failure type="failure" message="Ensure that S3 bucket has cross-region replication enabled">
Resource: aws_s3_bucket.reygas_frontend_failover_bucket
File: /s3.tf: 92-100
Guideline: https://docs.prismacloud.io/en/enterprise-edition/policy-reference/aws-policies/aws-general-policies/ensure-that-s3-bucket-has-cross-region-replication-enabled

		92  | resource &quot;aws_s3_bucket&quot; &quot;reygas_frontend_failover_bucket&quot; {
		93  |   bucket = &quot;${var.s3_bucket_name}-failover-${var.environment}&quot;
		94  | 
		95  |   tags = {
		96  |     Environment = var.environment
		97  |     Application = &quot;reyGasExpress&quot;
		98  |     ManagedBy   = &quot;Terraform&quot;
		99  |   }
		100 | }
</failure>
		</testcase>
		<testcase name="[NONE][CKV2_AWS_57] Ensure Secrets Manager secrets should have automatic rotation enabled" classname="/rds.tf.aws_secretsmanager_secret.db_master_password" file="/rds.tf">
			<failure type="failure" message="Ensure Secrets Manager secrets should have automatic rotation enabled">
Resource: aws_secretsmanager_secret.db_master_password
File: /rds.tf: 2-11
Guideline: https://docs.prismacloud.io/en/enterprise-edition/policy-reference/aws-policies/aws-general-policies/bc-aws-2-57

		2  | resource &quot;aws_secretsmanager_secret&quot; &quot;db_master_password&quot; {
		3  |   name        = &quot;reyGasExpress-db-master-password-${var.environment}-v9&quot; 
		4  |   description = &quot;Contraseña maestra para la instancia RDS de ReyGasExpress&quot;
		5  | 
		6  |   tags = {
		7  |     Environment = var.environment
		8  |     Application = &quot;reyGasExpress&quot;
		9  |     ManagedBy   = &quot;Terraform&quot;
		10 |   }
		11 | }
</failure>
		</testcase>
		<testcase name="[NONE][CKV2_AWS_61] Ensure that an S3 bucket has a lifecycle configuration" classname="/s3.tf.aws_s3_bucket.reygas_frontend_bucket" file="/s3.tf">
			<failure type="failure" message="Ensure that an S3 bucket has a lifecycle configuration">
Resource: aws_s3_bucket.reygas_frontend_bucket
File: /s3.tf: 2-10
Guideline: https://docs.prismacloud.io/en/enterprise-edition/policy-reference/aws-policies/aws-logging-policies/bc-aws-2-61

		2  | resource &quot;aws_s3_bucket&quot; &quot;reygas_frontend_bucket&quot; {
		3  |   bucket = var.s3_bucket_name
		4  | 
		5  |   tags = {
		6  |     Environment = var.environment
		7  |     Application = &quot;reyGasExpress&quot;
		8  |     ManagedBy   = &quot;Terraform&quot;
		9  |   }
		10 | }
</failure>
		</testcase>
		<testcase name="[NONE][CKV2_AWS_61] Ensure that an S3 bucket has a lifecycle configuration" classname="/s3.tf.aws_s3_bucket.reyGasExpress_analysis_bucket" file="/s3.tf">
			<failure type="failure" message="Ensure that an S3 bucket has a lifecycle configuration">
Resource: aws_s3_bucket.reyGasExpress_analysis_bucket
File: /s3.tf: 38-46
Guideline: https://docs.prismacloud.io/en/enterprise-edition/policy-reference/aws-policies/aws-logging-policies/bc-aws-2-61

		38 | resource &quot;aws_s3_bucket&quot; &quot;reyGasExpress_analysis_bucket&quot; {
		39 |   bucket = &quot;reygas-express-analysis-${var.environment}&quot;
		40 | 
		41 |   tags = {
		42 |     Environment = var.environment
		43 |     Application = &quot;reyGasExpress&quot;
		44 |     ManagedBy   = &quot;Terraform&quot;
		45 |   }
		46 | }
</failure>
		</testcase>
		<testcase name="[NONE][CKV2_AWS_61] Ensure that an S3 bucket has a lifecycle configuration" classname="/s3.tf.aws_s3_bucket.reyGasExpress_reports_bucket" file="/s3.tf">
			<failure type="failure" message="Ensure that an S3 bucket has a lifecycle configuration">
Resource: aws_s3_bucket.reyGasExpress_reports_bucket
File: /s3.tf: 65-73
Guideline: https://docs.prismacloud.io/en/enterprise-edition/policy-reference/aws-policies/aws-logging-policies/bc-aws-2-61

		65 | resource &quot;aws_s3_bucket&quot; &quot;reyGasExpress_reports_bucket&quot; {
		66 |   bucket = var.reports_bucket_name
		67 | 
		68 |   tags = {
		69 |     Environment = var.environment
		70 |     Application = &quot;reyGasExpress&quot;
		71 |     ManagedBy   = &quot;Terraform&quot;
		72 |   }
		73 | }
</failure>
		</testcase>
		<testcase name="[NONE][CKV2_AWS_61] Ensure that an S3 bucket has a lifecycle configuration" classname="/s3.tf.aws_s3_bucket.reygas_frontend_failover_bucket" file="/s3.tf">
			<failure type="failure" message="Ensure that an S3 bucket has a lifecycle configuration">
Resource: aws_s3_bucket.reygas_frontend_failover_bucket
File: /s3.tf: 92-100
Guideline: https://docs.prismacloud.io/en/enterprise-edition/policy-reference/aws-policies/aws-logging-policies/bc-aws-2-61

		92  | resource &quot;aws_s3_bucket&quot; &quot;reygas_frontend_failover_bucket&quot; {
		93  |   bucket = &quot;${var.s3_bucket_name}-failover-${var.environment}&quot;
		94  | 
		95  |   tags = {
		96  |     Environment = var.environment
		97  |     Application = &quot;reyGasExpress&quot;
		98  |     ManagedBy   = &quot;Terraform&quot;
		99  |   }
		100 | }
</failure>
		</testcase>
		<testcase name="[NONE][CKV2_AWS_11] Ensure VPC flow logging is enabled in all VPCs" classname="/vpc.tf.aws_vpc.reygas_vpc" file="/vpc.tf">
			<failure type="failure" message="Ensure VPC flow logging is enabled in all VPCs">
Resource: aws_vpc.reygas_vpc
File: /vpc.tf: 1-12
Guideline: https://docs.prismacloud.io/en/enterprise-edition/policy-reference/aws-policies/aws-logging-policies/logging-9-enable-vpc-flow-logging

		1  | resource &quot;aws_vpc&quot; &quot;reygas_vpc&quot; {
		2  |   cidr_block           = &quot;10.0.0.0/16&quot;
		3  |   enable_dns_support   = true
		4  |   enable_dns_hostnames = true
		5  | 
		6  |   tags = {
		7  |     Name        = &quot;reygas-vpc-${var.environment}&quot;
		8  |     Environment = var.environment
		9  |     Application = &quot;reyGasExpress&quot;
		10 |     ManagedBy   = &quot;Terraform&quot;
		11 |   }
		12 | }
</failure>
		</testcase>
		<testcase name="[NONE][CKV2_AWS_32] Ensure CloudFront distribution has a response headers policy attached" classname="/cloudFront.tf.aws_cloudfront_distribution.reygas_distribution" file="/cloudFront.tf">
			<failure type="failure" message="Ensure CloudFront distribution has a response headers policy attached">
Resource: aws_cloudfront_distribution.reygas_distribution
File: /cloudFront.tf: 35-158
Guideline: https://docs.prismacloud.io/en/enterprise-edition/policy-reference/aws-policies/aws-networking-policies/bc-aws-networking-65

		Code lines for this resource are too many. Please use IDE of your choice to review the file.</failure>
		</testcase>
		<testcase name="[NONE][CKV2_AWS_60] Ensure RDS instance with copy tags to snapshots is enabled" classname="/rds.tf.aws_db_instance.reygas_postgres_db" file="/rds.tf">
			<failure type="failure" message="Ensure RDS instance with copy tags to snapshots is enabled">
Resource: aws_db_instance.reygas_postgres_db
File: /rds.tf: 32-61
Guideline: https://docs.prismacloud.io/en/enterprise-edition/policy-reference/aws-policies/aws-general-policies/bc-aws-2-60

		32 | resource &quot;aws_db_instance&quot; &quot;reygas_postgres_db&quot; {
		33 |   identifier                = &quot;${var.db_instance_identifier}-${var.environment}&quot;
		34 |   engine                    = &quot;postgres&quot;
		35 |   engine_version            = var.db_engine_version
		36 |   instance_class            = var.db_instance_class
		37 |   allocated_storage         = var.db_allocated_storage
		38 |   storage_type              = &quot;gp2&quot; # General Purpose SSD
		39 |   multi_az                  = var.db_multi_az
		40 |   db_name                   = var.db_name
		41 |   username                  = var.db_username
		42 |   password                  = random_password.db_master_password_generated.result
		43 |   vpc_security_group_ids    = [aws_security_group.rds_sg.id]
		44 |   db_subnet_group_name      = aws_db_subnet_group.reygas_db_subnet_group.name
		45 |   skip_final_snapshot       = var.db_skip_final_snapshot
		46 |   publicly_accessible       = false
		47 |   port                      = 5432
		48 | 
		49 |   backup_retention_period = 7
		50 |   backup_window           = &quot;03:00-05:00&quot;
		51 | 
		52 |   performance_insights_enabled = true
		53 |   performance_insights_retention_period = 7
		54 | 
		55 |   tags = {
		56 |     Name        = &quot;reygasexpress-postgres-db-${var.environment}&quot;
		57 |     Environment = var.environment
		58 |     Application = &quot;reyGasExpress&quot;
		59 |     ManagedBy   = &quot;Terraform&quot;
		60 |   }
		61 | }</failure>
		</testcase>
		<testcase name="[NONE][CKV_AWS_18] Ensure the S3 bucket has access logging enabled" classname="/s3.tf.aws_s3_bucket.reygas_frontend_bucket" file="/s3.tf">
			<failure type="failure" message="Ensure the S3 bucket has access logging enabled">
Resource: aws_s3_bucket.reygas_frontend_bucket
File: /s3.tf: 2-10
Guideline: https://docs.prismacloud.io/en/enterprise-edition/policy-reference/aws-policies/s3-policies/s3-13-enable-logging

		2  | resource &quot;aws_s3_bucket&quot; &quot;reygas_frontend_bucket&quot; {
		3  |   bucket = var.s3_bucket_name
		4  | 
		5  |   tags = {
		6  |     Environment = var.environment
		7  |     Application = &quot;reyGasExpress&quot;
		8  |     ManagedBy   = &quot;Terraform&quot;
		9  |   }
		10 | }
</failure>
		</testcase>
		<testcase name="[NONE][CKV_AWS_18] Ensure the S3 bucket has access logging enabled" classname="/s3.tf.aws_s3_bucket.reyGasExpress_analysis_bucket" file="/s3.tf">
			<failure type="failure" message="Ensure the S3 bucket has access logging enabled">
Resource: aws_s3_bucket.reyGasExpress_analysis_bucket
File: /s3.tf: 38-46
Guideline: https://docs.prismacloud.io/en/enterprise-edition/policy-reference/aws-policies/s3-policies/s3-13-enable-logging

		38 | resource &quot;aws_s3_bucket&quot; &quot;reyGasExpress_analysis_bucket&quot; {
		39 |   bucket = &quot;reygas-express-analysis-${var.environment}&quot;
		40 | 
		41 |   tags = {
		42 |     Environment = var.environment
		43 |     Application = &quot;reyGasExpress&quot;
		44 |     ManagedBy   = &quot;Terraform&quot;
		45 |   }
		46 | }
</failure>
		</testcase>
		<testcase name="[NONE][CKV_AWS_18] Ensure the S3 bucket has access logging enabled" classname="/s3.tf.aws_s3_bucket.reyGasExpress_reports_bucket" file="/s3.tf">
			<failure type="failure" message="Ensure the S3 bucket has access logging enabled">
Resource: aws_s3_bucket.reyGasExpress_reports_bucket
File: /s3.tf: 65-73
Guideline: https://docs.prismacloud.io/en/enterprise-edition/policy-reference/aws-policies/s3-policies/s3-13-enable-logging

		65 | resource &quot;aws_s3_bucket&quot; &quot;reyGasExpress_reports_bucket&quot; {
		66 |   bucket = var.reports_bucket_name
		67 | 
		68 |   tags = {
		69 |     Environment = var.environment
		70 |     Application = &quot;reyGasExpress&quot;
		71 |     ManagedBy   = &quot;Terraform&quot;
		72 |   }
		73 | }
</failure>
		</testcase>
		<testcase name="[NONE][CKV_AWS_18] Ensure the S3 bucket has access logging enabled" classname="/s3.tf.aws_s3_bucket.reygas_frontend_failover_bucket" file="/s3.tf">
			<failure type="failure" message="Ensure the S3 bucket has access logging enabled">
Resource: aws_s3_bucket.reygas_frontend_failover_bucket
File: /s3.tf: 92-100
Guideline: https://docs.prismacloud.io/en/enterprise-edition/policy-reference/aws-policies/s3-policies/s3-13-enable-logging

		92  | resource &quot;aws_s3_bucket&quot; &quot;reygas_frontend_failover_bucket&quot; {
		93  |   bucket = &quot;${var.s3_bucket_name}-failover-${var.environment}&quot;
		94  | 
		95  |   tags = {
		96  |     Environment = var.environment
		97  |     Application = &quot;reyGasExpress&quot;
		98  |     ManagedBy   = &quot;Terraform&quot;
		99  |   }
		100 | }
</failure>
		</testcase>
		<testcase name="[NONE][CKV2_AWS_62] Ensure S3 buckets should have event notifications enabled" classname="/s3.tf.aws_s3_bucket.reygas_frontend_bucket" file="/s3.tf">
			<failure type="failure" message="Ensure S3 buckets should have event notifications enabled">
Resource: aws_s3_bucket.reygas_frontend_bucket
File: /s3.tf: 2-10
Guideline: https://docs.prismacloud.io/en/enterprise-edition/policy-reference/aws-policies/aws-logging-policies/bc-aws-2-62

		2  | resource &quot;aws_s3_bucket&quot; &quot;reygas_frontend_bucket&quot; {
		3  |   bucket = var.s3_bucket_name
		4  | 
		5  |   tags = {
		6  |     Environment = var.environment
		7  |     Application = &quot;reyGasExpress&quot;
		8  |     ManagedBy   = &quot;Terraform&quot;
		9  |   }
		10 | }
</failure>
		</testcase>
		<testcase name="[NONE][CKV2_AWS_62] Ensure S3 buckets should have event notifications enabled" classname="/s3.tf.aws_s3_bucket.reyGasExpress_analysis_bucket" file="/s3.tf">
			<failure type="failure" message="Ensure S3 buckets should have event notifications enabled">
Resource: aws_s3_bucket.reyGasExpress_analysis_bucket
File: /s3.tf: 38-46
Guideline: https://docs.prismacloud.io/en/enterprise-edition/policy-reference/aws-policies/aws-logging-policies/bc-aws-2-62

		38 | resource &quot;aws_s3_bucket&quot; &quot;reyGasExpress_analysis_bucket&quot; {
		39 |   bucket = &quot;reygas-express-analysis-${var.environment}&quot;
		40 | 
		41 |   tags = {
		42 |     Environment = var.environment
		43 |     Application = &quot;reyGasExpress&quot;
		44 |     ManagedBy   = &quot;Terraform&quot;
		45 |   }
		46 | }
</failure>
		</testcase>
		<testcase name="[NONE][CKV2_AWS_62] Ensure S3 buckets should have event notifications enabled" classname="/s3.tf.aws_s3_bucket.reyGasExpress_reports_bucket" file="/s3.tf">
			<failure type="failure" message="Ensure S3 buckets should have event notifications enabled">
Resource: aws_s3_bucket.reyGasExpress_reports_bucket
File: /s3.tf: 65-73
Guideline: https://docs.prismacloud.io/en/enterprise-edition/policy-reference/aws-policies/aws-logging-policies/bc-aws-2-62

		65 | resource &quot;aws_s3_bucket&quot; &quot;reyGasExpress_reports_bucket&quot; {
		66 |   bucket = var.reports_bucket_name
		67 | 
		68 |   tags = {
		69 |     Environment = var.environment
		70 |     Application = &quot;reyGasExpress&quot;
		71 |     ManagedBy   = &quot;Terraform&quot;
		72 |   }
		73 | }
</failure>
		</testcase>
		<testcase name="[NONE][CKV2_AWS_62] Ensure S3 buckets should have event notifications enabled" classname="/s3.tf.aws_s3_bucket.reygas_frontend_failover_bucket" file="/s3.tf">
			<failure type="failure" message="Ensure S3 buckets should have event notifications enabled">
Resource: aws_s3_bucket.reygas_frontend_failover_bucket
File: /s3.tf: 92-100
Guideline: https://docs.prismacloud.io/en/enterprise-edition/policy-reference/aws-policies/aws-logging-policies/bc-aws-2-62

		92  | resource &quot;aws_s3_bucket&quot; &quot;reygas_frontend_failover_bucket&quot; {
		93  |   bucket = &quot;${var.s3_bucket_name}-failover-${var.environment}&quot;
		94  | 
		95  |   tags = {
		96  |     Environment = var.environment
		97  |     Application = &quot;reyGasExpress&quot;
		98  |     ManagedBy   = &quot;Terraform&quot;
		99  |   }
		100 | }
</failure>
		</testcase>
		<testcase name="[NONE][CKV2_AWS_30] Ensure Postgres RDS as aws_db_instance has Query Logging enabled" classname="/rds.tf.aws_db_instance.reygas_postgres_db" file="/rds.tf">
			<failure type="failure" message="Ensure Postgres RDS as aws_db_instance has Query Logging enabled">
Resource: aws_db_instance.reygas_postgres_db
File: /rds.tf: 32-61
Guideline: https://docs.prismacloud.io/en/enterprise-edition/policy-reference/aws-policies/aws-general-policies/ensure-postgres-rds-has-query-logging-enabled

		32 | resource &quot;aws_db_instance&quot; &quot;reygas_postgres_db&quot; {
		33 |   identifier                = &quot;${var.db_instance_identifier}-${var.environment}&quot;
		34 |   engine                    = &quot;postgres&quot;
		35 |   engine_version            = var.db_engine_version
		36 |   instance_class            = var.db_instance_class
		37 |   allocated_storage         = var.db_allocated_storage
		38 |   storage_type              = &quot;gp2&quot; # General Purpose SSD
		39 |   multi_az                  = var.db_multi_az
		40 |   db_name                   = var.db_name
		41 |   username                  = var.db_username
		42 |   password                  = random_password.db_master_password_generated.result
		43 |   vpc_security_group_ids    = [aws_security_group.rds_sg.id]
		44 |   db_subnet_group_name      = aws_db_subnet_group.reygas_db_subnet_group.name
		45 |   skip_final_snapshot       = var.db_skip_final_snapshot
		46 |   publicly_accessible       = false
		47 |   port                      = 5432
		48 | 
		49 |   backup_retention_period = 7
		50 |   backup_window           = &quot;03:00-05:00&quot;
		51 | 
		52 |   performance_insights_enabled = true
		53 |   performance_insights_retention_period = 7
		54 | 
		55 |   tags = {
		56 |     Name        = &quot;reygasexpress-postgres-db-${var.environment}&quot;
		57 |     Environment = var.environment
		58 |     Application = &quot;reyGasExpress&quot;
		59 |     ManagedBy   = &quot;Terraform&quot;
		60 |   }
		61 | }</failure>
		</testcase>
		<testcase name="[NONE][CKV_AWS_21] Ensure all data stored in the S3 bucket have versioning enabled" classname="/s3.tf.aws_s3_bucket.reyGasExpress_analysis_bucket" file="/s3.tf">
			<failure type="failure" message="Ensure all data stored in the S3 bucket have versioning enabled">
Resource: aws_s3_bucket.reyGasExpress_analysis_bucket
File: /s3.tf: 38-46
Guideline: https://docs.prismacloud.io/en/enterprise-edition/policy-reference/aws-policies/s3-policies/s3-16-enable-versioning

		38 | resource &quot;aws_s3_bucket&quot; &quot;reyGasExpress_analysis_bucket&quot; {
		39 |   bucket = &quot;reygas-express-analysis-${var.environment}&quot;
		40 | 
		41 |   tags = {
		42 |     Environment = var.environment
		43 |     Application = &quot;reyGasExpress&quot;
		44 |     ManagedBy   = &quot;Terraform&quot;
		45 |   }
		46 | }
</failure>
		</testcase>
		<testcase name="[NONE][CKV_AWS_21] Ensure all data stored in the S3 bucket have versioning enabled" classname="/s3.tf.aws_s3_bucket.reyGasExpress_reports_bucket" file="/s3.tf">
			<failure type="failure" message="Ensure all data stored in the S3 bucket have versioning enabled">
Resource: aws_s3_bucket.reyGasExpress_reports_bucket
File: /s3.tf: 65-73
Guideline: https://docs.prismacloud.io/en/enterprise-edition/policy-reference/aws-policies/s3-policies/s3-16-enable-versioning

		65 | resource &quot;aws_s3_bucket&quot; &quot;reyGasExpress_reports_bucket&quot; {
		66 |   bucket = var.reports_bucket_name
		67 | 
		68 |   tags = {
		69 |     Environment = var.environment
		70 |     Application = &quot;reyGasExpress&quot;
		71 |     ManagedBy   = &quot;Terraform&quot;
		72 |   }
		73 | }
</failure>
		</testcase>
	</testsuite>
</testsuites>
